[ +179 ms] Artifact Instance of 'MaterialFonts' is not required, skipping update.
[   +3 ms] Artifact Instance of 'GradleWrapper' is not required, skipping update.
[        ] Artifact Instance of 'AndroidGenSnapshotArtifacts' is not required, skipping update.
[        ] Artifact Instance of 'AndroidInternalBuildArtifacts' is not required, skipping update.
[        ] Artifact Instance of 'IOSEngineArtifacts' is not required, skipping update.
[        ] Artifact Instance of 'FlutterWebSdk' is not required, skipping update.
[        ] Artifact Instance of 'LegacyCanvasKitRemover' is not required, skipping update.
[        ] Artifact Instance of 'FlutterSdk' is not required, skipping update.
[        ] Artifact Instance of 'WindowsEngineArtifacts' is not required, skipping update.
[        ] Artifact Instance of 'MacOSEngineArtifacts' is not required, skipping update.
[        ] Artifact Instance of 'LinuxEngineArtifacts' is not required, skipping update.
[        ] Artifact Instance of 'LinuxFuchsiaSDKArtifacts' is not required, skipping update.
[        ] Artifact Instance of 'MacOSFuchsiaSDKArtifacts' is not required, skipping update.
[        ] Artifact Instance of 'FlutterRunnerSDKArtifacts' is not required, skipping update.
[        ] Artifact Instance of 'FlutterRunnerDebugSymbols' is not required, skipping update.
[        ] Artifact Instance of 'IosUsbArtifacts' is not required, skipping update.
[        ] Artifact Instance of 'IosUsbArtifacts' is not required, skipping update.
[        ] Artifact Instance of 'IosUsbArtifacts' is not required, skipping update.
[        ] Artifact Instance of 'IosUsbArtifacts' is not required, skipping update.
[        ] Artifact Instance of 'IosUsbArtifacts' is not required, skipping update.
[        ] Artifact Instance of 'IosUsbArtifacts' is not required, skipping update.
[        ] Artifact Instance of 'FontSubsetArtifacts' is not required, skipping update.
[        ] Artifact Instance of 'PubDependencies' is not required, skipping update.
[   +1 ms] executing: [C:\development\sdks\flutter/] git -c log.showSignature=false log HEAD -n 1 --pretty=format:%ad --date=iso
[  +69 ms] Exit code 0 from: git -c log.showSignature=false log HEAD -n 1 --pretty=format:%ad --date=iso
[        ] 2026-02-12 17:12:32 -0800
[  +16 ms] Artifact Instance of 'AndroidGenSnapshotArtifacts' is not required, skipping update.
[        ] Artifact Instance of 'AndroidInternalBuildArtifacts' is not required, skipping update.
[        ] Artifact Instance of 'IOSEngineArtifacts' is not required, skipping update.
[        ] Artifact Instance of 'FlutterWebSdk' is not required, skipping update.
[        ] Artifact Instance of 'FlutterEngineStamp' is not required, skipping update.
[        ] Artifact Instance of 'LegacyCanvasKitRemover' is not required, skipping update.
[   +1 ms] Artifact Instance of 'WindowsEngineArtifacts' is not required, skipping update.
[        ] Artifact Instance of 'MacOSEngineArtifacts' is not required, skipping update.
[        ] Artifact Instance of 'LinuxEngineArtifacts' is not required, skipping update.
[        ] Artifact Instance of 'LinuxFuchsiaSDKArtifacts' is not required, skipping update.
[        ] Artifact Instance of 'MacOSFuchsiaSDKArtifacts' is not required, skipping update.
[        ] Artifact Instance of 'FlutterRunnerSDKArtifacts' is not required, skipping update.
[        ] Artifact Instance of 'FlutterRunnerDebugSymbols' is not required, skipping update.
[  +49 ms] Artifact Instance of 'MaterialFonts' is not required, skipping update.
[        ] Artifact Instance of 'GradleWrapper' is not required, skipping update.
[        ] Artifact Instance of 'AndroidGenSnapshotArtifacts' is not required, skipping update.
[        ] Artifact Instance of 'AndroidInternalBuildArtifacts' is not required, skipping update.
[        ] Artifact Instance of 'IOSEngineArtifacts' is not required, skipping update.
[        ] Artifact Instance of 'FlutterWebSdk' is not required, skipping update.
[        ] Artifact Instance of 'FlutterEngineStamp' is not required, skipping update.
[        ] Artifact Instance of 'LegacyCanvasKitRemover' is not required, skipping update.
[        ] Artifact Instance of 'FlutterSdk' is not required, skipping update.
[   +2 ms] Artifact Instance of 'MacOSEngineArtifacts' is not required, skipping update.
[        ] Artifact Instance of 'LinuxEngineArtifacts' is not required, skipping update.
[        ] Artifact Instance of 'LinuxFuchsiaSDKArtifacts' is not required, skipping update.
[        ] Artifact Instance of 'MacOSFuchsiaSDKArtifacts' is not required, skipping update.
[        ] Artifact Instance of 'FlutterRunnerSDKArtifacts' is not required, skipping update.
[        ] Artifact Instance of 'FlutterRunnerDebugSymbols' is not required, skipping update.
[        ] Artifact Instance of 'IosUsbArtifacts' is not required, skipping update.
[        ] Artifact Instance of 'IosUsbArtifacts' is not required, skipping update.
[        ] Artifact Instance of 'IosUsbArtifacts' is not required, skipping update.
[        ] Artifact Instance of 'IosUsbArtifacts' is not required, skipping update.
[        ] Artifact Instance of 'IosUsbArtifacts' is not required, skipping update.
[        ] Artifact Instance of 'IosUsbArtifacts' is not required, skipping update.
[        ] Artifact Instance of 'FontSubsetArtifacts' is not required, skipping update.
[        ] Artifact Instance of 'PubDependencies' is not required, skipping update.
[  +17 ms] Skipping pub get: version match.
[  +73 ms] Found plugin shared_preferences at C:\Users\Muzzi Sahito\AppData\Local\Pub\Cache\hosted\pub.dev\shared_preferences-2.5.4\
[   +6 ms] Found plugin shared_preferences_windows at C:\Users\Muzzi Sahito\AppData\Local\Pub\Cache\hosted\pub.dev\shared_preferences_windows-2.4.1\
[   +7 ms] Found plugin path_provider_windows at C:\Users\Muzzi Sahito\AppData\Local\Pub\Cache\hosted\pub.dev\path_provider_windows-2.3.0\
[   +8 ms] Found plugin shared_preferences_web at C:\Users\Muzzi Sahito\AppData\Local\Pub\Cache\hosted\pub.dev\shared_preferences_web-2.4.3\
[   +5 ms] Found plugin shared_preferences_linux at C:\Users\Muzzi Sahito\AppData\Local\Pub\Cache\hosted\pub.dev\shared_preferences_linux-2.4.1\
[   +2 ms] Found plugin path_provider_linux at C:\Users\Muzzi Sahito\AppData\Local\Pub\Cache\hosted\pub.dev\path_provider_linux-2.2.1\
[   +5 ms] Found plugin shared_preferences_foundation at C:\Users\Muzzi Sahito\AppData\Local\Pub\Cache\hosted\pub.dev\shared_preferences_foundation-2.5.6\
[   +3 ms] Found plugin shared_preferences_android at C:\Users\Muzzi Sahito\AppData\Local\Pub\Cache\hosted\pub.dev\shared_preferences_android-2.4.20\
[   +7 ms] Found plugin printing at C:\Users\Muzzi Sahito\AppData\Local\Pub\Cache\hosted\pub.dev\printing-5.14.2\
[  +33 ms] Found plugin mobile_scanner at C:\Users\Muzzi Sahito\AppData\Local\Pub\Cache\hosted\pub.dev\mobile_scanner-7.2.0\
[   +7 ms] Found plugin path_provider at C:\Users\Muzzi Sahito\AppData\Local\Pub\Cache\hosted\pub.dev\path_provider-2.1.5\
[   +1 ms] Found plugin path_provider_foundation at C:\Users\Muzzi Sahito\AppData\Local\Pub\Cache\hosted\pub.dev\path_provider_foundation-2.6.0\
[  +15 ms] Found plugin path_provider_android at C:\Users\Muzzi Sahito\AppData\Local\Pub\Cache\hosted\pub.dev\path_provider_android-2.2.22\
[   +9 ms] Found plugin firebase_core at C:\Users\Muzzi Sahito\AppData\Local\Pub\Cache\hosted\pub.dev\firebase_core-3.15.2\
[   +3 ms] Found plugin firebase_core_web at C:\Users\Muzzi Sahito\AppData\Local\Pub\Cache\hosted\pub.dev\firebase_core_web-2.24.1\
[   +2 ms] Found plugin firebase_auth at C:\Users\Muzzi Sahito\AppData\Local\Pub\Cache\hosted\pub.dev\firebase_auth-5.7.0\
[   +1 ms] Found plugin firebase_auth_web at C:\Users\Muzzi Sahito\AppData\Local\Pub\Cache\hosted\pub.dev\firebase_auth_web-5.15.3\
[   +7 ms] Found plugin connectivity_plus at C:\Users\Muzzi Sahito\AppData\Local\Pub\Cache\hosted\pub.dev\connectivity_plus-6.1.5\
[   +6 ms] Found plugin cloud_firestore at C:\Users\Muzzi Sahito\AppData\Local\Pub\Cache\hosted\pub.dev\cloud_firestore-5.6.12\
[   +2 ms] Found plugin cloud_firestore_web at C:\Users\Muzzi Sahito\AppData\Local\Pub\Cache\hosted\pub.dev\cloud_firestore_web-4.4.12\
[  +60 ms] Found plugin shared_preferences at C:\Users\Muzzi Sahito\AppData\Local\Pub\Cache\hosted\pub.dev\shared_preferences-2.5.4\
[   +2 ms] Found plugin shared_preferences_windows at C:\Users\Muzzi Sahito\AppData\Local\Pub\Cache\hosted\pub.dev\shared_preferences_windows-2.4.1\
[   +3 ms] Found plugin path_provider_windows at C:\Users\Muzzi Sahito\AppData\Local\Pub\Cache\hosted\pub.dev\path_provider_windows-2.3.0\
[   +6 ms] Found plugin shared_preferences_web at C:\Users\Muzzi Sahito\AppData\Local\Pub\Cache\hosted\pub.dev\shared_preferences_web-2.4.3\
[   +2 ms] Found plugin shared_preferences_linux at C:\Users\Muzzi Sahito\AppData\Local\Pub\Cache\hosted\pub.dev\shared_preferences_linux-2.4.1\
[   +1 ms] Found plugin path_provider_linux at C:\Users\Muzzi Sahito\AppData\Local\Pub\Cache\hosted\pub.dev\path_provider_linux-2.2.1\
[   +3 ms] Found plugin shared_preferences_foundation at C:\Users\Muzzi Sahito\AppData\Local\Pub\Cache\hosted\pub.dev\shared_preferences_foundation-2.5.6\
[   +1 ms] Found plugin shared_preferences_android at C:\Users\Muzzi Sahito\AppData\Local\Pub\Cache\hosted\pub.dev\shared_preferences_android-2.4.20\
[   +3 ms] Found plugin printing at C:\Users\Muzzi Sahito\AppData\Local\Pub\Cache\hosted\pub.dev\printing-5.14.2\
[  +14 ms] Found plugin mobile_scanner at C:\Users\Muzzi Sahito\AppData\Local\Pub\Cache\hosted\pub.dev\mobile_scanner-7.2.0\
[   +2 ms] Found plugin path_provider at C:\Users\Muzzi Sahito\AppData\Local\Pub\Cache\hosted\pub.dev\path_provider-2.1.5\
[   +2 ms] Found plugin path_provider_foundation at C:\Users\Muzzi Sahito\AppData\Local\Pub\Cache\hosted\pub.dev\path_provider_foundation-2.6.0\
[   +8 ms] Found plugin path_provider_android at C:\Users\Muzzi Sahito\AppData\Local\Pub\Cache\hosted\pub.dev\path_provider_android-2.2.22\
[   +3 ms] Found plugin firebase_core at C:\Users\Muzzi Sahito\AppData\Local\Pub\Cache\hosted\pub.dev\firebase_core-3.15.2\
[   +1 ms] Found plugin firebase_core_web at C:\Users\Muzzi Sahito\AppData\Local\Pub\Cache\hosted\pub.dev\firebase_core_web-2.24.1\
[   +3 ms] Found plugin firebase_auth at C:\Users\Muzzi Sahito\AppData\Local\Pub\Cache\hosted\pub.dev\firebase_auth-5.7.0\
[   +1 ms] Found plugin firebase_auth_web at C:\Users\Muzzi Sahito\AppData\Local\Pub\Cache\hosted\pub.dev\firebase_auth_web-5.15.3\
[   +5 ms] Found plugin connectivity_plus at C:\Users\Muzzi Sahito\AppData\Local\Pub\Cache\hosted\pub.dev\connectivity_plus-6.1.5\
[   +4 ms] Found plugin cloud_firestore at C:\Users\Muzzi Sahito\AppData\Local\Pub\Cache\hosted\pub.dev\cloud_firestore-5.6.12\
[   +1 ms] Found plugin cloud_firestore_web at C:\Users\Muzzi Sahito\AppData\Local\Pub\Cache\hosted\pub.dev\cloud_firestore_web-4.4.12\
[  +12 ms] Skipping generating web_plugin_registrant.dart because it is up-to-date.
[  +35 ms] Found plugin shared_preferences at C:\Users\Muzzi Sahito\AppData\Local\Pub\Cache\hosted\pub.dev\shared_preferences-2.5.4\
[   +1 ms] Found plugin shared_preferences_windows at C:\Users\Muzzi Sahito\AppData\Local\Pub\Cache\hosted\pub.dev\shared_preferences_windows-2.4.1\
[   +4 ms] Found plugin path_provider_windows at C:\Users\Muzzi Sahito\AppData\Local\Pub\Cache\hosted\pub.dev\path_provider_windows-2.3.0\
[   +4 ms] Found plugin shared_preferences_web at C:\Users\Muzzi Sahito\AppData\Local\Pub\Cache\hosted\pub.dev\shared_preferences_web-2.4.3\
[   +2 ms] Found plugin shared_preferences_linux at C:\Users\Muzzi Sahito\AppData\Local\Pub\Cache\hosted\pub.dev\shared_preferences_linux-2.4.1\
[   +1 ms] Found plugin path_provider_linux at C:\Users\Muzzi Sahito\AppData\Local\Pub\Cache\hosted\pub.dev\path_provider_linux-2.2.1\
[   +9 ms] Found plugin shared_preferences_foundation at C:\Users\Muzzi Sahito\AppData\Local\Pub\Cache\hosted\pub.dev\shared_preferences_foundation-2.5.6\
[   +2 ms] Found plugin shared_preferences_android at C:\Users\Muzzi Sahito\AppData\Local\Pub\Cache\hosted\pub.dev\shared_preferences_android-2.4.20\
[   +7 ms] Found plugin printing at C:\Users\Muzzi Sahito\AppData\Local\Pub\Cache\hosted\pub.dev\printing-5.14.2\
[  +38 ms] Found plugin mobile_scanner at C:\Users\Muzzi Sahito\AppData\Local\Pub\Cache\hosted\pub.dev\mobile_scanner-7.2.0\
[   +3 ms] Found plugin path_provider at C:\Users\Muzzi Sahito\AppData\Local\Pub\Cache\hosted\pub.dev\path_provider-2.1.5\
[   +1 ms] Found plugin path_provider_foundation at C:\Users\Muzzi Sahito\AppData\Local\Pub\Cache\hosted\pub.dev\path_provider_foundation-2.6.0\
[  +10 ms] Found plugin path_provider_android at C:\Users\Muzzi Sahito\AppData\Local\Pub\Cache\hosted\pub.dev\path_provider_android-2.2.22\
[   +5 ms] Found plugin firebase_core at C:\Users\Muzzi Sahito\AppData\Local\Pub\Cache\hosted\pub.dev\firebase_core-3.15.2\
[  +11 ms] Found plugin firebase_core_web at C:\Users\Muzzi Sahito\AppData\Local\Pub\Cache\hosted\pub.dev\firebase_core_web-2.24.1\
[   +3 ms] Found plugin firebase_auth at C:\Users\Muzzi Sahito\AppData\Local\Pub\Cache\hosted\pub.dev\firebase_auth-5.7.0\
[   +1 ms] Found plugin firebase_auth_web at C:\Users\Muzzi Sahito\AppData\Local\Pub\Cache\hosted\pub.dev\firebase_auth_web-5.15.3\
[   +5 ms] Found plugin connectivity_plus at C:\Users\Muzzi Sahito\AppData\Local\Pub\Cache\hosted\pub.dev\connectivity_plus-6.1.5\
[   +3 ms] Found plugin cloud_firestore at C:\Users\Muzzi Sahito\AppData\Local\Pub\Cache\hosted\pub.dev\cloud_firestore-5.6.12\
[        ] Found plugin cloud_firestore_web at C:\Users\Muzzi Sahito\AppData\Local\Pub\Cache\hosted\pub.dev\cloud_firestore_web-4.4.12\
[   +5 ms] Generating C:\development\mobile_shop_management_system\android\app\src\main\java\io\flutter\plugins\GeneratedPluginRegistrant.java
[   +1 ms] Skipping generating GeneratedPluginRegistrant.java because it is up-to-date.
[   +5 ms] Skipping generating generated_plugin_registrant.h because it is up-to-date.
[        ] Skipping generating generated_plugin_registrant.cc because it is up-to-date.
[   +1 ms] Skipping generating generated_plugins.cmake because it is up-to-date.
[   +1 ms] Skipping generating generated_plugin_registrant.h because it is up-to-date.
[        ] Skipping generating generated_plugin_registrant.cc because it is up-to-date.
[   +2 ms] Skipping generating generated_plugins.cmake because it is up-to-date.
[   +2 ms] Skipping generating GeneratedPluginRegistrant.h because it is up-to-date.
[        ] Skipping generating GeneratedPluginRegistrant.m because it is up-to-date.
[   +1 ms] Skipping generating GeneratedPluginRegistrant.swift because it is up-to-date.
[ +133 ms] executing: C:\Program Files (x86)\Microsoft Visual Studio\Installer\vswhere.exe -format json -products * -utf8 -latest -version 16 -requires Microsoft.VisualStudio.Workload.NativeDesktop Microsoft.VisualStudio.Component.VC.Tools.x86.x64 Microsoft.VisualStudio.Component.VC.CMake.Project
[  +56 ms] Exit code 0 from: C:\Program Files (x86)\Microsoft Visual Studio\Installer\vswhere.exe -format json -products * -utf8 -latest -version 16 -requires Microsoft.VisualStudio.Workload.NativeDesktop Microsoft.VisualStudio.Component.VC.Tools.x86.x64 Microsoft.VisualStudio.Component.VC.CMake.Project
[        ] [
             {
               "instanceId": "e66d9828",
               "installDate": "2026-02-17T15:05:35Z",
               "installationName": "VisualStudio/18.3.1+11512.155",
               "installationPath": "C:\\Program Files\\Microsoft Visual Studio\\18\\Community",
               "installationVersion": "18.3.11512.155",
               "productId": "Microsoft.VisualStudio.Product.Community",
               "productPath": "C:\\Program Files\\Microsoft Visual Studio\\18\\Community\\Common7\\IDE\\devenv.exe",
               "state": 4294967295,
               "isComplete": true,
               "isLaunchable": true,
               "isPrerelease": false,
               "isRebootRequired": false,
               "displayName": "Visual Studio Community 2026",
               "description": "Everything you need to build modern apps ΓÇô free for you, built for impact.",
               "channelId": "VisualStudio.18.Release",
               "channelUri": "https://aka.ms/vs/18/stable/channel",
               "enginePath": "C:\\Program Files (x86)\\Microsoft Visual Studio\\Installer\\resources\\app\\ServiceHub\\Services\\Microsoft.VisualStudio.Setup.Service",
               "expirationDate": "2026-05-13T17:00:00+00:00",
               "installedChannelId": "VisualStudio.18.Release",
               "installedChannelUri": "https://aka.ms/vs/18/stable/channel",
               "releaseNotes": "https://docs.microsoft.com/en-us/visualstudio/releases/18/release-notes-v18.3#18.3.1",
               "resolvedInstallationPath": "C:\\Program Files\\Microsoft Visual Studio\\18\\Community",
               "retirementDate": "2026-08-11T17:00:00+00:00",
               "thirdPartyNotices": "https://go.microsoft.com/fwlink/?LinkId=661480",
               "updateDate": "2026-02-18T21:13:09.2698174Z",
               "catalog": {
                 "buildBranch": "d18.3",
                 "buildVersion": "18.3.11512.155",
                 "featureReleaseMonth": "02",
                 "featureReleaseYear": "2026",
                 "id": "VisualStudio/18.3.1+11512.155",
                 "includeBuildVersionInDisplayVersion": "False",
                 "localBuild": "build-lab",
                 "manifestName": "VisualStudio",
                 "manifestType": "installer",
                 "productDisplayVersion": "18.3.1",
                 "productLine": "Dev18",
                 "productLineVersion": "18",
                 "productMilestone": "RTW",
                 "productMilestoneIsPreRelease": "False",
                 "productName": "Visual Studio",
                 "productPatchVersion": "1",
                 "productPreReleaseMilestoneSuffix": "1.0",
                 "productRelease": "RTW",
                 "productSemanticVersion": "18.3.1+11512.155",
                 "requiredEngineVersion": "4.3.2029.11392"
               },
               "properties": {
                 "appLocalWPF": "false",
                 "campaignId": "2500:90887089d8174fd499fa9abdae18d6f7",
                 "canceled": "0",
                 "channelManifestId": "VisualStudio.18.Release/18.3.1+11512.155",
                 "includeRecommended": "1",
                 "nickname": "",
                 "setupEngineFilePath": "C:\\Program Files (x86)\\Microsoft Visual Studio\\Installer\\setup.exe"
               }
             }
           ]
[   +7 ms] Building Windows application...
[   +7 ms] executing: C:\Program Files\Microsoft Visual Studio\18\Community\Common7\IDE\CommonExtensions\Microsoft\CMake\CMake\bin\cmake.exe -S C:\development\mobile_shop_management_system\windows -B C:\development\mobile_shop_management_system\build\windows\x64 -G Visual Studio 18 2026 -A x64 -DFLUTTER_TARGET_PLATFORM=windows-x64
[ +103 ms] -- Using cached Firebase SDK zip file
[        ] -- Using cached extracted Firebase SDK
flutter : [   +1 ms] CMake Deprecation Warning 
at C:/development/mobile_shop_management_system
/build/windows/x64/extracted/firebase_cpp_sdk_w
indows/CMakeLists.txt:17 
(cmake_minimum_required):
At line:1 char:1
+ flutter build windows --verbose 2>&1 | 
Out-File -FilePath build_verbo ...
+ ~~~~~~~~~~~~~~~~~~~~~~~~~~~~~~~~~~~~
    + CategoryInfo          : NotSpecified: ([ 
      +1 ms] CMak...imum_required)::String) [  
  ], RemoteException
    + FullyQualifiedErrorId : NativeCommandErr 
   or
 
[   +1 ms]   Compatibility with CMake < 3.10 
will be removed from a future version of
[        ]   CMake.
[        ]   Update the VERSION argument <min> 
value.  Or, use the <min>...<max> syntax
[        ]   to tell CMake that the project 
requires at least <min> but has been updated
[        ]   to work with policies introduced 
by <max> or earlier.
[  +24 ms] -- Could NOT find PkgConfig (missing: PKG_CONFIG_EXECUTABLE) 
[   +4 ms] -- Downloading/updating pdfium
[ +723 ms] -- Configuring done (0.7s)
[ +133 ms] -- Generating done (0.1s)
[   +4 ms] -- Build files have been written to: C:/development/mobile_shop_management_system/build/windows/x64/pdfium-download
[ +181 ms] MSBuild version 18.3.0-release-26070-10+3972042b7 for .NET Framework
[ +657 ms] -- Configuring done (1.8s)
[ +938 ms] -- Generating done (0.9s)
[  +23 ms] -- Build files have been written to: C:/development/mobile_shop_management_system/build/windows/x64
[  +32 ms] executing: C:\Program Files\Microsoft Visual Studio\18\Community\Common7\IDE\CommonExtensions\Microsoft\CMake\CMake\bin\cmake.exe --build C:\development\mobile_shop_management_system\build\windows\x64 --config Release --target INSTALL --verbose
[  +87 ms] Change Dir: 'C:/development/mobile_shop_management_system/build/windows/x64'
[        ] Run Build Command(s): "C:/Program Files/Microsoft Visual Studio/18/Community/MSBuild/Current/Bin/amd64/MSBuild.exe" INSTALL.vcxproj /p:Configuration=Release /p:Platform=x64 /p:VisualStudioVersion=18.0 /v:n
[ +117 ms] MSBuild version 18.3.0-release-26070-10+3972042b7 for .NET Framework
[  +96 ms] Build started 20/02/2026 5:56:32 am.
[ +280 ms] Project "C:\development\mobile_shop_management_system\build\windows\x64\INSTALL.vcxproj" on node 1 (default targets).
[        ] Project "C:\development\mobile_shop_management_system\build\windows\x64\INSTALL.vcxproj" (1) is building "C:\development\mobile_shop_management_system\build\windows\x64\ZERO_CHECK.vcxproj" (2) on node 1 (default targets).
[        ] PrepareForBuild:
[        ]   Structured output is enabled. The formatting of compiler diagnostics will reflect the error hierarchy. See https://aka.ms/cpp/structured-output for more details.
[   +6 ms] InitializeBuildStatus:
[        ]   Creating "x64\Release\ZERO_CHECK\ZERO_CHECK.tlog\unsuccessfulbuild" because "AlwaysCreate" was specified.
[        ]   Touching "x64\Release\ZERO_CHECK\ZERO_CHECK.tlog\unsuccessfulbuild".
[  +19 ms] CustomBuild:
[        ]   All outputs are up-to-date.
[  +31 ms] FinalizeBuildStatus:
[        ]   Deleting file "x64\Release\ZERO_CHECK\ZERO_CHECK.tlog\unsuccessfulbuild".
[        ]   Touching "x64\Release\ZERO_CHECK\ZERO_CHECK.tlog\ZERO_CHECK.lastbuildstate".
[   +1 ms] Done Building Project "C:\development\mobile_shop_management_system\build\windows\x64\ZERO_CHECK.vcxproj" (default targets).
[  +83 ms] Project "C:\development\mobile_shop_management_system\build\windows\x64\INSTALL.vcxproj" (1) is building "C:\development\mobile_shop_management_system\build\windows\x64\ALL_BUILD.vcxproj" (3) on node 1 (default targets).
[        ] Project "C:\development\mobile_shop_management_system\build\windows\x64\ALL_BUILD.vcxproj" (3) is building "C:\development\mobile_shop_management_system\build\windows\x64\plugins\cloud_firestore\cloud_firestore_plugin.vcxproj" (4) on node 1 (default targets).
[        ] Project "C:\development\mobile_shop_management_system\build\windows\x64\plugins\cloud_firestore\cloud_firestore_plugin.vcxproj" (4) is building "C:\development\mobile_shop_management_system\build\windows\x64\flutter\flutter_assemble.vcxproj" (5) on node 1 (default targets).
[        ] PrepareForBuild:
[        ]   Structured output is enabled. The formatting of compiler diagnostics will reflect the error hierarchy. See https://aka.ms/cpp/structured-output for more details.
[   +3 ms] InitializeBuildStatus:
[        ]   Creating "x64\Release\flutter_assemble\flutter_assemble.tlog\unsuccessfulbuild" because "AlwaysCreate" was specified.
[        ]   Touching "x64\Release\flutter_assemble\flutter_assemble.tlog\unsuccessfulbuild".
[   +5 ms] CustomBuild:
[        ]   "The build of 'C:\development\mobile_shop_management_system\build\windows\x64\CMakeFiles\047b41e9686b76eb458d4206fdaa8d8d\flutter_assemble.rule' depends on 'C:\DEVELOPMENT\MOBILE_SHOP_MANAGEMENT_SYSTEM\WINDOWS\FLUTTER\EPHEMERAL\FLUTTER_WINDOWS.DLL' which is produced by the build of 'C:\development\mobile_shop_management_system\build\windows\x64\CMakeFiles\cc77e84c5192889299c20fb6e26c22d1\flutter_windows.dll.rule'. The items cannot be built in parallel."
[  +80 ms]   Generating C:/development/mobile_shop_management_system/windows/flutter/ephemeral/flutter_windows.dll, C:/development/mobile_shop_management_system/windows/flutter/ephemeral/flutter_export.h, C:/development/mobile_shop_management_system/windows/flutter/ephemeral/flutter_windows.h, C:/development/mobile_shop_management_system/windows/flutter/ephemeral/flutter_messenger.h, C:/development/mobile_shop_management_system/windows/flutter/ephemeral/flutter_plugin_registrar.h, C:/development/mobile_shop_management_system/windows/flutter/ephemeral/flutter_texture_registrar.h, C:/development/mobile_shop_management_system/windows/flutter/ephemeral/cpp_client_wrapper/core_implementations.cc, C:/development/mobile_shop_management_system/windows/flutter/ephemeral/cpp_client_wrapper/standard_codec.cc, C:/development/mobile_shop_management_system/windows/flutter/ephemeral/cpp_client_wrapper/plugin_registrar.cc, C:/development/mobile_shop_management_system/windows/flutter/ephemeral/cpp_client_wrapper/flutter_engine.cc, C:/development/mobile_shop_management_system/windows/flutter/ephemeral/cpp_client_wrapper/flutter_view_controller.cc, _phony_
[+1581 ms]   [ +163 ms] Artifact Instance of 'MaterialFonts' is not required, skipping update.
[        ]   [   +2 ms] Artifact Instance of 'GradleWrapper' is not required, skipping update.
[        ]   [        ] Artifact Instance of 'AndroidGenSnapshotArtifacts' is not required, skipping update.
[        ]   [        ] Artifact Instance of 'AndroidInternalBuildArtifacts' is not required, skipping update.
[        ]   [        ] Artifact Instance of 'IOSEngineArtifacts' is not required, skipping update.
[        ]   [        ] Artifact Instance of 'FlutterWebSdk' is not required, skipping update.
[        ]   [   +1 ms] Artifact Instance of 'LegacyCanvasKitRemover' is not required, skipping update.
[        ]   [        ] Artifact Instance of 'FlutterSdk' is not required, skipping update.
[        ]   [        ] Artifact Instance of 'WindowsEngineArtifacts' is not required, skipping update.
[        ]   [        ] Artifact Instance of 'MacOSEngineArtifacts' is not required, skipping update.
[        ]   [        ] Artifact Instance of 'LinuxEngineArtifacts' is not required, skipping update.
[        ]   [        ] Artifact Instance of 'LinuxFuchsiaSDKArtifacts' is not required, skipping update.
[        ]   [        ] Artifact Instance of 'MacOSFuchsiaSDKArtifacts' is not required, skipping update.
[        ]   [        ] Artifact Instance of 'FlutterRunnerSDKArtifacts' is not required, skipping update.
[        ]   [        ] Artifact Instance of 'FlutterRunnerDebugSymbols' is not required, skipping update.
[        ]   [        ] Artifact Instance of 'IosUsbArtifacts' is not required, skipping update.
[        ]   [        ] Artifact Instance of 'IosUsbArtifacts' is not required, skipping update.
[        ]   [        ] Artifact Instance of 'IosUsbArtifacts' is not required, skipping update.
[        ]   [        ] Artifact Instance of 'IosUsbArtifacts' is not required, skipping update.
[        ]   [        ] Artifact Instance of 'IosUsbArtifacts' is not required, skipping update.
[        ]   [        ] Artifact Instance of 'IosUsbArtifacts' is not required, skipping update.
[        ]   [   +6 ms] Artifact Instance of 'FontSubsetArtifacts' is not required, skipping update.
[        ]   [        ] Artifact Instance of 'PubDependencies' is not required, skipping update.
[  +13 ms]   [  +13 ms] Artifact Instance of 'AndroidGenSnapshotArtifacts' is not required, skipping update.
[        ]   [        ] Artifact Instance of 'AndroidInternalBuildArtifacts' is not required, skipping update.
[        ]   [        ] Artifact Instance of 'IOSEngineArtifacts' is not required, skipping update.
[        ]   [        ] Artifact Instance of 'FlutterWebSdk' is not required, skipping update.
[        ]   [        ] Artifact Instance of 'FlutterEngineStamp' is not required, skipping update.
[        ]   [        ] Artifact Instance of 'LegacyCanvasKitRemover' is not required, skipping update.
[   +1 ms]   [   +2 ms] Artifact Instance of 'WindowsEngineArtifacts' is not required, skipping update.
[        ]   [        ] Artifact Instance of 'MacOSEngineArtifacts' is not required, skipping update.
[        ]   [        ] Artifact Instance of 'LinuxEngineArtifacts' is not required, skipping update.
[        ]   [        ] Artifact Instance of 'LinuxFuchsiaSDKArtifacts' is not required, skipping update.
[        ]   [        ] Artifact Instance of 'MacOSFuchsiaSDKArtifacts' is not required, skipping update.
[        ]   [        ] Artifact Instance of 'FlutterRunnerSDKArtifacts' is not required, skipping update.
[        ]   [        ] Artifact Instance of 'FlutterRunnerDebugSymbols' is not required, skipping update.
[  +60 ms]   [  +59 ms] Artifact Instance of 'MaterialFonts' is not required, skipping update.
[        ]   [        ] Artifact Instance of 'GradleWrapper' is not required, skipping update.
[        ]   [        ] Artifact Instance of 'AndroidGenSnapshotArtifacts' is not required, skipping update.
[        ]   [        ] Artifact Instance of 'AndroidInternalBuildArtifacts' is not required, skipping update.
[        ]   [        ] Artifact Instance of 'IOSEngineArtifacts' is not required, skipping update.
[        ]   [        ] Artifact Instance of 'FlutterWebSdk' is not required, skipping update.
[        ]   [        ] Artifact Instance of 'FlutterEngineStamp' is not required, skipping update.
[        ]   [        ] Artifact Instance of 'LegacyCanvasKitRemover' is not required, skipping update.
[        ]   [        ] Artifact Instance of 'FlutterSdk' is not required, skipping update.
[   +2 ms]   [   +3 ms] Artifact Instance of 'MacOSEngineArtifacts' is not required, skipping update.
[        ]   [        ] Artifact Instance of 'LinuxEngineArtifacts' is not required, skipping update.
[        ]   [        ] Artifact Instance of 'LinuxFuchsiaSDKArtifacts' is not required, skipping update.
[        ]   [        ] Artifact Instance of 'MacOSFuchsiaSDKArtifacts' is not required, skipping update.
[        ]   [        ] Artifact Instance of 'FlutterRunnerSDKArtifacts' is not required, skipping update.
[        ]   [        ] Artifact Instance of 'FlutterRunnerDebugSymbols' is not required, skipping update.
[        ]   [        ] Artifact Instance of 'IosUsbArtifacts' is not required, skipping update.
[        ]   [        ] Artifact Instance of 'IosUsbArtifacts' is not required, skipping update.
[        ]   [        ] Artifact Instance of 'IosUsbArtifacts' is not required, skipping update.
[        ]   [        ] Artifact Instance of 'IosUsbArtifacts' is not required, skipping update.
[        ]   [        ] Artifact Instance of 'IosUsbArtifacts' is not required, skipping update.
[        ]   [        ] Artifact Instance of 'IosUsbArtifacts' is not required, skipping update.
[        ]   [        ] Artifact Instance of 'FontSubsetArtifacts' is not required, skipping update.
[        ]   [        ] Artifact Instance of 'PubDependencies' is not required, skipping update.
[  +54 ms]   [  +54 ms] Initializing file store
[  +25 ms]   [  +25 ms] Done initializing file store
[ +114 ms]   [ +114 ms] Skipping target: dart_build
[   +2 ms]   [   +2 ms] Skipping target: gen_dart_plugin_registrant
[+2549 ms]   [+2548 ms] Skipping target: unpack_windows
[   +1 ms]   [   +1 ms] Skipping target: install_code_assets
[        ]   [        ] Skipping target: gen_localizations
[ +798 ms]   [ +798 ms] Skipping target: kernel_snapshot_program
[  +43 ms]   [  +43 ms] Skipping target: aot_elf_release
[  +36 ms]   [  +35 ms] Skipping target: windows_aot_bundle
[  +51 ms]   [  +51 ms] Skipping target: release_bundle_windows-x64_assets
[   +1 ms]   [   +1 ms] Persisting file store
[  +16 ms]   [  +15 ms] Done persisting file store
[  +26 ms]   [  +26 ms] build succeeded.
[  +10 ms]   [  +10 ms] "flutter assemble" took 3,801ms.
[  +99 ms]   [  +99 ms] Running 1 shutdown hook
[   +1 ms]   [   +1 ms] Shutdown hooks complete
[ +262 ms]   [ +262 ms] exiting with code 0
[ +144 ms] FinalizeBuildStatus:
[        ]   Deleting file "x64\Release\flutter_assemble\flutter_assemble.tlog\unsuccessfulbuild".
[        ]   Touching "x64\Release\flutter_assemble\flutter_assemble.tlog\flutter_assemble.lastbuildstate".
[        ] Done Building Project "C:\development\mobile_shop_management_system\build\windows\x64\flutter\flutter_assemble.vcxproj" (default targets).
[  +49 ms] Project "C:\development\mobile_shop_management_system\build\windows\x64\plugins\cloud_firestore\cloud_firestore_plugin.vcxproj" (4) is building "C:\development\mobile_shop_management_system\build\windows\x64\plugins\firebase_core\firebase_core_plugin.vcxproj" (6) on node 1 (default targets).
[        ] Project "C:\development\mobile_shop_management_system\build\windows\x64\plugins\firebase_core\firebase_core_plugin.vcxproj" (6) is building "C:\development\mobile_shop_management_system\build\windows\x64\flutter\flutter_wrapper_plugin.vcxproj" (7) on node 1 (default targets).
[        ] PrepareForBuild:
[        ]   Structured output is enabled. The formatting of compiler diagnostics will reflect the error hierarchy. See https://aka.ms/cpp/structured-output for more details.
[   +3 ms] InitializeBuildStatus:
[        ]   Creating "flutter_wrapper_plugin.dir\Release\flutter_.FD2D6BA4.tlog\unsuccessfulbuild" because "AlwaysCreate" was specified.
[        ]   Touching "flutter_wrapper_plugin.dir\Release\flutter_.FD2D6BA4.tlog\unsuccessfulbuild".
[   +6 ms] CustomBuild:
[        ]   All outputs are up-to-date.
[  +48 ms] ClCompile:
[        ]   All outputs are up-to-date.
[  +22 ms] Lib:
[        ]   All outputs are up-to-date.
[   +1 ms]   flutter_wrapper_plugin.vcxproj -> C:\development\mobile_shop_management_system\build\windows\x64\flutter\Release\flutter_wrapper_plugin.lib
[  +15 ms] FinalizeBuildStatus:
[        ]   Deleting file "flutter_wrapper_plugin.dir\Release\flutter_.FD2D6BA4.tlog\unsuccessfulbuild".
[        ]   Touching "flutter_wrapper_plugin.dir\Release\flutter_.FD2D6BA4.tlog\flutter_wrapper_plugin.lastbuildstate".
[        ] Done Building Project "C:\development\mobile_shop_management_system\build\windows\x64\flutter\flutter_wrapper_plugin.vcxproj" (default targets).
[   +6 ms] PrepareForBuild:
[        ]   Structured output is enabled. The formatting of compiler diagnostics will reflect the error hierarchy. See https://aka.ms/cpp/structured-output for more details.
[   +2 ms] InitializeBuildStatus:
[        ]   Creating "firebase_core_plugin.dir\Release\firebase.A0821A39.tlog\unsuccessfulbuild" because "AlwaysCreate" was specified.
[        ]   Touching "firebase_core_plugin.dir\Release\firebase.A0821A39.tlog\unsuccessfulbuild".
[   +6 ms] CustomBuild:
[        ]   All outputs are up-to-date.
[  +12 ms] ClCompile:
[        ]   All outputs are up-to-date.
[   +4 ms] Lib:
[        ]   All outputs are up-to-date.
[        ]   firebase_core_plugin.vcxproj -> C:\development\mobile_shop_management_system\build\windows\x64\plugins\firebase_core\Release\firebase_core_plugin.lib
[  +11 ms] FinalizeBuildStatus:
[        ]   Deleting file "firebase_core_plugin.dir\Release\firebase.A0821A39.tlog\unsuccessfulbuild".
[        ]   Touching "firebase_core_plugin.dir\Release\firebase.A0821A39.tlog\firebase_core_plugin.lastbuildstate".
[        ] Done Building Project "C:\development\mobile_shop_management_system\build\windows\x64\plugins\firebase_core\firebase_core_plugin.vcxproj" (default targets).
[   +7 ms] PrepareForBuild:
[        ]   Structured output is enabled. The formatting of compiler diagnostics will reflect the error hierarchy. See https://aka.ms/cpp/structured-output for more details.
[   +3 ms] InitializeBuildStatus:
[        ]   Creating "cloud_firestore_plugin.dir\Release\cloud_fi.53B077A8.tlog\unsuccessfulbuild" because "AlwaysCreate" was specified.
[        ]   Touching "cloud_firestore_plugin.dir\Release\cloud_fi.53B077A8.tlog\unsuccessfulbuild".
[   +2 ms] CustomBuild:
[        ]   All outputs are up-to-date.
[  +15 ms] ClCompile:
[        ]   All outputs are up-to-date.
[   +3 ms] Lib:
[        ]   All outputs are up-to-date.
[        ]   cloud_firestore_plugin.vcxproj -> C:\development\mobile_shop_management_system\build\windows\x64\plugins\cloud_firestore\Release\cloud_firestore_plugin.lib
[   +9 ms] FinalizeBuildStatus:
[        ]   Deleting file "cloud_firestore_plugin.dir\Release\cloud_fi.53B077A8.tlog\unsuccessfulbuild".
[        ]   Touching "cloud_firestore_plugin.dir\Release\cloud_fi.53B077A8.tlog\cloud_firestore_plugin.lastbuildstate".
[        ] Done Building Project "C:\development\mobile_shop_management_system\build\windows\x64\plugins\cloud_firestore\cloud_firestore_plugin.vcxproj" (default targets).
[  +30 ms] Project "C:\development\mobile_shop_management_system\build\windows\x64\ALL_BUILD.vcxproj" (3) is building "C:\development\mobile_shop_management_system\build\windows\x64\plugins\connectivity_plus\connectivity_plus_plugin.vcxproj" (8) on node 1 (default targets).
[        ] PrepareForBuild:
[        ]   Structured output is enabled. The formatting of compiler diagnostics will reflect the error hierarchy. See https://aka.ms/cpp/structured-output for more details.
[   +4 ms] InitializeBuildStatus:
[        ]   Creating "connectivity_plus_plugin.dir\Release\connecti.B6A90BDA.tlog\unsuccessfulbuild" because "AlwaysCreate" was specified.
[        ]   Touching "connectivity_plus_plugin.dir\Release\connecti.B6A90BDA.tlog\unsuccessfulbuild".
[   +2 ms] CustomBuild:
[        ]   All outputs are up-to-date.
[  +21 ms] ClCompile:
[        ]   All outputs are up-to-date.
[  +22 ms] Link:
[        ]   All outputs are up-to-date.
[   +4 ms]   connectivity_plus_plugin.vcxproj -> C:\development\mobile_shop_management_system\build\windows\x64\plugins\connectivity_plus\Release\connectivity_plus_plugin.dll
[  +10 ms] FinalizeBuildStatus:
[        ]   Deleting file "connectivity_plus_plugin.dir\Release\connecti.B6A90BDA.tlog\unsuccessfulbuild".
[        ]   Touching "connectivity_plus_plugin.dir\Release\connecti.B6A90BDA.tlog\connectivity_plus_plugin.lastbuildstate".
[        ] Done Building Project "C:\development\mobile_shop_management_system\build\windows\x64\plugins\connectivity_plus\connectivity_plus_plugin.vcxproj" (default targets).
[  +37 ms] Project "C:\development\mobile_shop_management_system\build\windows\x64\ALL_BUILD.vcxproj" (3) is building "C:\development\mobile_shop_management_system\build\windows\x64\plugins\firebase_auth\firebase_auth_plugin.vcxproj" (9) on node 1 (default targets).
[        ] PrepareForBuild:
[        ]   Structured output is enabled. The formatting of compiler diagnostics will reflect the error hierarchy. See https://aka.ms/cpp/structured-output for more details.
[   +4 ms] InitializeBuildStatus:
[        ]   Creating "firebase_auth_plugin.dir\Release\firebase.F62A40C0.tlog\unsuccessfulbuild" because "AlwaysCreate" was specified.
[        ]   Touching "firebase_auth_plugin.dir\Release\firebase.F62A40C0.tlog\unsuccessfulbuild".
[   +2 ms] CustomBuild:
[        ]   All outputs are up-to-date.
[  +11 ms] ClCompile:
[        ]   All outputs are up-to-date.
[   +4 ms] Lib:
[        ]   All outputs are up-to-date.
[        ]   firebase_auth_plugin.vcxproj -> C:\development\mobile_shop_management_system\build\windows\x64\plugins\firebase_auth\Release\firebase_auth_plugin.lib
[  +10 ms] FinalizeBuildStatus:
[        ]   Deleting file "firebase_auth_plugin.dir\Release\firebase.F62A40C0.tlog\unsuccessfulbuild".
[        ]   Touching "firebase_auth_plugin.dir\Release\firebase.F62A40C0.tlog\firebase_auth_plugin.lastbuildstate".
[        ] Done Building Project "C:\development\mobile_shop_management_system\build\windows\x64\plugins\firebase_auth\firebase_auth_plugin.vcxproj" (default targets).
[  +30 ms] Project "C:\development\mobile_shop_management_system\build\windows\x64\ALL_BUILD.vcxproj" (3) is building "C:\development\mobile_shop_management_system\build\windows\x64\flutter\flutter_wrapper_app.vcxproj" (10) on node 1 (default targets).
[        ] PrepareForBuild:
[        ]   Structured output is enabled. The formatting of compiler diagnostics will reflect the error hierarchy. See https://aka.ms/cpp/structured-output for more details.
[   +3 ms] InitializeBuildStatus:
[        ]   Creating "flutter_wrapper_app.dir\Release\flutter_.5C0656C0.tlog\unsuccessfulbuild" because "AlwaysCreate" was specified.
[        ]   Touching "flutter_wrapper_app.dir\Release\flutter_.5C0656C0.tlog\unsuccessfulbuild".
[   +2 ms] CustomBuild:
[        ]   All outputs are up-to-date.
[  +10 ms] ClCompile:
[        ]   All outputs are up-to-date.
[   +4 ms] Lib:
[        ]   All outputs are up-to-date.
[        ]   flutter_wrapper_app.vcxproj -> C:\development\mobile_shop_management_system\build\windows\x64\flutter\Release\flutter_wrapper_app.lib
[  +11 ms] FinalizeBuildStatus:
[        ]   Deleting file "flutter_wrapper_app.dir\Release\flutter_.5C0656C0.tlog\unsuccessfulbuild".
[        ]   Touching "flutter_wrapper_app.dir\Release\flutter_.5C0656C0.tlog\flutter_wrapper_app.lastbuildstate".
[        ] Done Building Project "C:\development\mobile_shop_management_system\build\windows\x64\flutter\flutter_wrapper_app.vcxproj" (default targets).
[  +60 ms] Project "C:\development\mobile_shop_management_system\build\windows\x64\ALL_BUILD.vcxproj" (3) is building "C:\development\mobile_shop_management_system\build\windows\x64\runner\mobile_shop_management_system.vcxproj" (11) on node 1 (default targets).
[        ] Project "C:\development\mobile_shop_management_system\build\windows\x64\runner\mobile_shop_management_system.vcxproj" (11) is building "C:\development\mobile_shop_management_system\build\windows\x64\plugins\printing\printing_plugin.vcxproj" (12) on node 1 (default targets).
[        ] PrepareForBuild:
[        ]   Structured output is enabled. The formatting of compiler diagnostics will reflect the error hierarchy. See https://aka.ms/cpp/structured-output for more details.
[   +3 ms] InitializeBuildStatus:
[        ]   Creating "printing_plugin.dir\Release\printing_plugin.tlog\unsuccessfulbuild" because "AlwaysCreate" was specified.
[        ]   Touching "printing_plugin.dir\Release\printing_plugin.tlog\unsuccessfulbuild".
[   +1 ms] CustomBuild:
[        ]   All outputs are up-to-date.
[  +11 ms] ClCompile:
[        ]   All outputs are up-to-date.
[   +9 ms] Link:
[        ]   All outputs are up-to-date.
[        ]   printing_plugin.vcxproj -> C:\development\mobile_shop_management_system\build\windows\x64\plugins\printing\Release\printing_plugin.dll
[   +8 ms] FinalizeBuildStatus:
[        ]   Deleting file "printing_plugin.dir\Release\printing_plugin.tlog\unsuccessfulbuild".
[        ]   Touching "printing_plugin.dir\Release\printing_plugin.tlog\printing_plugin.lastbuildstate".
[        ] Done Building Project "C:\development\mobile_shop_management_system\build\windows\x64\plugins\printing\printing_plugin.vcxproj" (default targets).
[   +8 ms] PrepareForBuild:
[        ]   Structured output is enabled. The formatting of compiler diagnostics will reflect the error hierarchy. See https://aka.ms/cpp/structured-output for more details.
[   +4 ms] InitializeBuildStatus:
[        ]   Creating "mobile_shop_management_system.dir\Release\mobile_s.34EC1F6F.tlog\unsuccessfulbuild" because "AlwaysCreate" was specified.
[        ]   Touching "mobile_shop_management_system.dir\Release\mobile_s.34EC1F6F.tlog\unsuccessfulbuild".
[   +1 ms] CustomBuild:
[        ]   All outputs are up-to-date.
[  +19 ms] ClCompile:
[        ]   All outputs are up-to-date.
[   +7 ms] ResourceCompile:
[        ]   All outputs are up-to-date.
[  +11 ms] Link:
[        ]   All outputs are up-to-date.
[        ]   mobile_shop_management_system.vcxproj -> C:\development\mobile_shop_management_system\build\windows\x64\runner\Release\mobile_shop_management_system.exe
[  +11 ms] FinalizeBuildStatus:
[        ]   Deleting file "mobile_shop_management_system.dir\Release\mobile_s.34EC1F6F.tlog\unsuccessfulbuild".
[        ]   Touching "mobile_shop_management_system.dir\Release\mobile_s.34EC1F6F.tlog\mobile_shop_management_system.lastbuildstate".
[        ] Done Building Project "C:\development\mobile_shop_management_system\build\windows\x64\runner\mobile_shop_management_system.vcxproj" (default targets).
[   +7 ms] PrepareForBuild:
[        ]   Structured output is enabled. The formatting of compiler diagnostics will reflect the error hierarchy. See https://aka.ms/cpp/structured-output for more details.
[   +3 ms] InitializeBuildStatus:
[        ]   Creating "x64\Release\ALL_BUILD\ALL_BUILD.tlog\unsuccessfulbuild" because "AlwaysCreate" was specified.
[        ]   Touching "x64\Release\ALL_BUILD\ALL_BUILD.tlog\unsuccessfulbuild".
[   +2 ms] CustomBuild:
[        ]   All outputs are up-to-date.
[   +9 ms] FinalizeBuildStatus:
[        ]   Deleting file "x64\Release\ALL_BUILD\ALL_BUILD.tlog\unsuccessfulbuild".
[        ]   Touching "x64\Release\ALL_BUILD\ALL_BUILD.tlog\ALL_BUILD.lastbuildstate".
[        ] Done Building Project "C:\development\mobile_shop_management_system\build\windows\x64\ALL_BUILD.vcxproj" (default targets).
[   +6 ms] PrepareForBuild:
[        ]   Structured output is enabled. The formatting of compiler diagnostics will reflect the error hierarchy. See https://aka.ms/cpp/structured-output for more details.
[  +14 ms] InitializeBuildStatus:
[        ]   Touching "x64\Release\INSTALL\INSTALL.tlog\unsuccessfulbuild".
[  +49 ms] CustomBuild:
[        ]   1>
[  +21 ms] PostBuildEvent:
[        ]   setlocal
[        ]   "C:\Program Files\Microsoft Visual Studio\18\Community\Common7\IDE\CommonExtensions\Microsoft\CMake\CMake\bin\cmake.exe" -DBUILD_TYPE=Release -P cmake_install.cmake
[        ]   if %errorlevel% neq 0 goto :cmEnd
[        ]   :cmEnd
[        ]   endlocal & call :cmErrorLevel %errorlevel% & goto :cmDone
[        ]   :cmErrorLevel
[        ]   exit /b %1
[        ]   :cmDone
[        ]   if %errorlevel% neq 0 goto :VCEnd
[        ]   :VCEnd
[  +80 ms]   -- Install configuration: "Release"
[  +10 ms]   CMake Error at cmake_install.cmake:100 (file):
[        ]     file cannot create directory: C:/Program
[        ]     Files/mobile_shop_management_system.  Maybe need administrative privileges.
[  +14 ms] C:\Program Files\Microsoft Visual St
udio\18\Community\MSBuild\Microsoft\VC\v180\Mic
rosoft.CppCommon.targets(166,5): error 
MSB3073: The command "setlocal [C:\development\
mobile_shop_management_system\build\windows\x64
\INSTALL.vcxproj]
[        ] C:\Program Files\Microsoft Visual St
udio\18\Community\MSBuild\Microsoft\VC\v180\Mic
rosoft.CppCommon.targets(166,5): error 
MSB3073: "C:\Program Files\Microsoft Visual Stu
dio\18\Community\Common7\IDE\CommonExtensions\M
icrosoft\CMake\CMake\bin\cmake.exe" 
-DBUILD_TYPE=Release -P cmake_install.cmake [C:
\development\mobile_shop_management_system\buil
d\windows\x64\INSTALL.vcxproj]
[        ] C:\Program Files\Microsoft Visual St
udio\18\Community\MSBuild\Microsoft\VC\v180\Mic
rosoft.CppCommon.targets(166,5): error 
MSB3073: if %errorlevel% neq 0 goto :cmEnd [C:\
development\mobile_shop_management_system\build
\windows\x64\INSTALL.vcxproj]
[        ] C:\Program Files\Microsoft Visual St
udio\18\Community\MSBuild\Microsoft\VC\v180\Mic
rosoft.CppCommon.targets(166,5): error 
MSB3073: :cmEnd [C:\development\mobile_shop_man
agement_system\build\windows\x64\INSTALL.vcxpro
j]
[        ] C:\Program Files\Microsoft Visual St
udio\18\Community\MSBuild\Microsoft\VC\v180\Mic
rosoft.CppCommon.targets(166,5): error 
MSB3073: endlocal & call :cmErrorLevel 
%errorlevel% & goto :cmDone [C:\development\mob
ile_shop_management_system\build\windows\x64\IN
STALL.vcxproj]
[        ] C:\Program Files\Microsoft Visual St
udio\18\Community\MSBuild\Microsoft\VC\v180\Mic
rosoft.CppCommon.targets(166,5): error 
MSB3073: :cmErrorLevel [C:\development\mobile_s
hop_management_system\build\windows\x64\INSTALL
.vcxproj]
[        ] C:\Program Files\Microsoft Visual St
udio\18\Community\MSBuild\Microsoft\VC\v180\Mic
rosoft.CppCommon.targets(166,5): error 
MSB3073: exit /b %1 [C:\development\mobile_shop
_management_system\build\windows\x64\INSTALL.vc
xproj]
[        ] C:\Program Files\Microsoft Visual St
udio\18\Community\MSBuild\Microsoft\VC\v180\Mic
rosoft.CppCommon.targets(166,5): error 
MSB3073: :cmDone [C:\development\mobile_shop_ma
nagement_system\build\windows\x64\INSTALL.vcxpr
oj]
[        ] C:\Program Files\Microsoft Visual St
udio\18\Community\MSBuild\Microsoft\VC\v180\Mic
rosoft.CppCommon.targets(166,5): error 
MSB3073: if %errorlevel% neq 0 goto :VCEnd [C:\
development\mobile_shop_management_system\build
\windows\x64\INSTALL.vcxproj]
[        ] C:\Program Files\Microsoft Visual St
udio\18\Community\MSBuild\Microsoft\VC\v180\Mic
rosoft.CppCommon.targets(166,5): error 
MSB3073: :VCEnd" exited with code 1. [C:\develo
pment\mobile_shop_management_system\build\windo
ws\x64\INSTALL.vcxproj]
[        ] Done Building Project "C:\development\mobile_shop_management_system\build\windows\x64\INSTALL.vcxproj" (default targets) -- FAILED.
[   +1 ms] Build FAILED.
[        ] "C:\development\mobile_shop_management_system\build\windows\x64\INSTALL.vcxproj" (default target) (1) ->
[        ] (PostBuildEvent target) -> 
[        ]   C:\Program Files\Microsoft Visual 
Studio\18\Community\MSBuild\Microsoft\VC\v180\M
icrosoft.CppCommon.targets(166,5): error 
MSB3073: The command "setlocal [C:\development\
mobile_shop_management_system\build\windows\x64
\INSTALL.vcxproj]
[        ] C:\Program Files\Microsoft Visual St
udio\18\Community\MSBuild\Microsoft\VC\v180\Mic
rosoft.CppCommon.targets(166,5): error 
MSB3073: "C:\Program Files\Microsoft Visual Stu
dio\18\Community\Common7\IDE\CommonExtensions\M
icrosoft\CMake\CMake\bin\cmake.exe" 
-DBUILD_TYPE=Release -P cmake_install.cmake [C:
\development\mobile_shop_management_system\buil
d\windows\x64\INSTALL.vcxproj]
[        ] C:\Program Files\Microsoft Visual St
udio\18\Community\MSBuild\Microsoft\VC\v180\Mic
rosoft.CppCommon.targets(166,5): error 
MSB3073: if %errorlevel% neq 0 goto :cmEnd [C:\
development\mobile_shop_management_system\build
\windows\x64\INSTALL.vcxproj]
[        ] C:\Program Files\Microsoft Visual St
udio\18\Community\MSBuild\Microsoft\VC\v180\Mic
rosoft.CppCommon.targets(166,5): error 
MSB3073: :cmEnd [C:\development\mobile_shop_man
agement_system\build\windows\x64\INSTALL.vcxpro
j]
[        ] C:\Program Files\Microsoft Visual St
udio\18\Community\MSBuild\Microsoft\VC\v180\Mic
rosoft.CppCommon.targets(166,5): error 
MSB3073: endlocal & call :cmErrorLevel 
%errorlevel% & goto :cmDone [C:\development\mob
ile_shop_management_system\build\windows\x64\IN
STALL.vcxproj]
[        ] C:\Program Files\Microsoft Visual St
udio\18\Community\MSBuild\Microsoft\VC\v180\Mic
rosoft.CppCommon.targets(166,5): error 
MSB3073: :cmErrorLevel [C:\development\mobile_s
hop_management_system\build\windows\x64\INSTALL
.vcxproj]
[        ] C:\Program Files\Microsoft Visual St
udio\18\Community\MSBuild\Microsoft\VC\v180\Mic
rosoft.CppCommon.targets(166,5): error 
MSB3073: exit /b %1 [C:\development\mobile_shop
_management_system\build\windows\x64\INSTALL.vc
xproj]
[        ] C:\Program Files\Microsoft Visual St
udio\18\Community\MSBuild\Microsoft\VC\v180\Mic
rosoft.CppCommon.targets(166,5): error 
MSB3073: :cmDone [C:\development\mobile_shop_ma
nagement_system\build\windows\x64\INSTALL.vcxpr
oj]
[        ] C:\Program Files\Microsoft Visual St
udio\18\Community\MSBuild\Microsoft\VC\v180\Mic
rosoft.CppCommon.targets(166,5): error 
MSB3073: if %errorlevel% neq 0 goto :VCEnd [C:\
development\mobile_shop_management_system\build
\windows\x64\INSTALL.vcxproj]
[        ] C:\Program Files\Microsoft Visual St
udio\18\Community\MSBuild\Microsoft\VC\v180\Mic
rosoft.CppCommon.targets(166,5): error 
MSB3073: :VCEnd" exited with code 1. [C:\develo
pment\mobile_shop_management_system\build\windo
ws\x64\INSTALL.vcxproj]
[        ]     0 Warning(s)
[        ]     1 Error(s)
[        ] Time Elapsed 00:00:07.30
[  +48 ms] Building Windows application... (completed in 10.5s)
[   +1 ms] "flutter windows" took 11,313ms.
[ +114 ms] Build process failed.
[   +2 ms] 
           #0      throwToolExit (package:flutt
er_tools/src/base/common.dart:34:3)
           #1      _runBuild (package:flutter_t
ools/src/windows/build_windows.dart:262:5)
           <asynchronous suspension>
           #2      buildWindows (package:flutte
r_tools/src/windows/build_windows.dart:118:5)
           <asynchronous suspension>
           #3      
BuildWindowsCommand.runCommand (package:flutter
_tools/src/commands/build_windows.dart:72:5)
           <asynchronous suspension>
           #4      
FlutterCommand.run.<anonymous closure> (package
:flutter_tools/src/runner/flutter_command.dart:
1590:27)
           <asynchronous suspension>
           #5      AppContext.run.<anonymous 
closure> (package:flutter_tools/src/base/contex
t.dart:154:19)
           <asynchronous suspension>
           #6      CommandRunner.runCommand 
(package:args/command_runner.dart:212:13)
           <asynchronous suspension>
           #7      
FlutterCommandRunner.runCommand.<anonymous 
closure> (package:flutter_tools/src/runner/flut
ter_command_runner.dart:496:9)
           <asynchronous suspension>
           #8      AppContext.run.<anonymous 
closure> (package:flutter_tools/src/base/contex
t.dart:154:19)
           <asynchronous suspension>
           #9      
FlutterCommandRunner.runCommand (package:flutte
r_tools/src/runner/flutter_command_runner.dart:
431:5)
           <asynchronous suspension>
           #10     
FlutterCommandRunner.run.<anonymous closure> (p
ackage:flutter_tools/src/runner/flutter_command
_runner.dart:307:33)
           <asynchronous suspension>
           #11     run.<anonymous 
closure>.<anonymous closure> 
(package:flutter_tools/runner.dart:104:11)
           <asynchronous suspension>
           #12     AppContext.run.<anonymous 
closure> (package:flutter_tools/src/base/contex
t.dart:154:19)
           <asynchronous suspension>
           #13     main 
(package:flutter_tools/executable.dart:103:3)
           <asynchronous suspension>


[        ] Running 1 shutdown hook
[   +2 ms] Shutdown hooks complete
[ +175 ms] exiting with code 1
