[ +431 ms] Artifact Instance of 'MaterialFonts' is not required, skipping update.
[   +4 ms] Artifact Instance of 'GradleWrapper' is not required, skipping update.
[        ] Artifact Instance of 'AndroidGenSnapshotArtifacts' is not required, skipping update.
[        ] Artifact Instance of 'AndroidInternalBuildArtifacts' is not required, skipping update.
[        ] Artifact Instance of 'IOSEngineArtifacts' is not required, skipping update.
[        ] Artifact Instance of 'FlutterWebSdk' is not required, skipping update.
[   +1 ms] Artifact Instance of 'LegacyCanvasKitRemover' is not required, skipping update.
[        ] Artifact Instance of 'FlutterSdk' is not required, skipping update.
[        ] Artifact Instance of 'WindowsEngineArtifacts' is not required, skipping update.
[        ] Artifact Instance of 'MacOSEngineArtifacts' is not required, skipping update.
[        ] Artifact Instance of 'LinuxEngineArtifacts' is not required, skipping update.
[        ] Artifact Instance of 'LinuxFuchsiaSDKArtifacts' is not required, skipping update.
[        ] Artifact Instance of 'MacOSFuchsiaSDKArtifacts' is not required, skipping update.
[        ] Artifact Instance of 'FlutterRunnerSDKArtifacts' is not required, skipping update.
[        ] Artifact Instance of 'FlutterRunnerDebugSymbols' is not required, skipping update.
[        ] Artifact Instance of 'IosUsbArtifacts' is not required, skipping update.
[        ] Artifact Instance of 'IosUsbArtifacts' is not required, skipping update.
[        ] Artifact Instance of 'IosUsbArtifacts' is not required, skipping update.
[        ] Artifact Instance of 'IosUsbArtifacts' is not required, skipping update.
[        ] Artifact Instance of 'IosUsbArtifacts' is not required, skipping update.
[        ] Artifact Instance of 'IosUsbArtifacts' is not required, skipping update.
[        ] Artifact Instance of 'FontSubsetArtifacts' is not required, skipping update.
[        ] Artifact Instance of 'PubDependencies' is not required, skipping update.
[   +2 ms] executing: [C:\development\sdks\flutter/] git -c log.showSignature=false log HEAD -n 1 --pretty=format:%ad --date=iso
[ +242 ms] Exit code 0 from: git -c log.showSignature=false log HEAD -n 1 --pretty=format:%ad --date=iso
[        ] 2026-02-12 17:12:32 -0800
[  +31 ms] Artifact Instance of 'AndroidGenSnapshotArtifacts' is not required, skipping update.
[        ] Artifact Instance of 'AndroidInternalBuildArtifacts' is not required, skipping update.
[        ] Artifact Instance of 'IOSEngineArtifacts' is not required, skipping update.
[        ] Artifact Instance of 'FlutterWebSdk' is not required, skipping update.
[        ] Artifact Instance of 'FlutterEngineStamp' is not required, skipping update.
[        ] Artifact Instance of 'LegacyCanvasKitRemover' is not required, skipping update.
[   +4 ms] Artifact Instance of 'WindowsEngineArtifacts' is not required, skipping update.
[        ] Artifact Instance of 'MacOSEngineArtifacts' is not required, skipping update.
[        ] Artifact Instance of 'LinuxEngineArtifacts' is not required, skipping update.
[        ] Artifact Instance of 'LinuxFuchsiaSDKArtifacts' is not required, skipping update.
[        ] Artifact Instance of 'MacOSFuchsiaSDKArtifacts' is not required, skipping update.
[        ] Artifact Instance of 'FlutterRunnerSDKArtifacts' is not required, skipping update.
[        ] Artifact Instance of 'FlutterRunnerDebugSymbols' is not required, skipping update.
[ +105 ms] Artifact Instance of 'MaterialFonts' is not required, skipping update.
[        ] Artifact Instance of 'GradleWrapper' is not required, skipping update.
[        ] Artifact Instance of 'AndroidGenSnapshotArtifacts' is not required, skipping update.
[        ] Artifact Instance of 'AndroidInternalBuildArtifacts' is not required, skipping update.
[        ] Artifact Instance of 'IOSEngineArtifacts' is not required, skipping update.
[        ] Artifact Instance of 'FlutterWebSdk' is not required, skipping update.
[        ] Artifact Instance of 'FlutterEngineStamp' is not required, skipping update.
[        ] Artifact Instance of 'LegacyCanvasKitRemover' is not required, skipping update.
[        ] Artifact Instance of 'FlutterSdk' is not required, skipping update.
[   +4 ms] Artifact Instance of 'MacOSEngineArtifacts' is not required, skipping update.
[        ] Artifact Instance of 'LinuxEngineArtifacts' is not required, skipping update.
[        ] Artifact Instance of 'LinuxFuchsiaSDKArtifacts' is not required, skipping update.
[        ] Artifact Instance of 'MacOSFuchsiaSDKArtifacts' is not required, skipping update.
[        ] Artifact Instance of 'FlutterRunnerSDKArtifacts' is not required, skipping update.
[        ] Artifact Instance of 'FlutterRunnerDebugSymbols' is not required, skipping update.
[        ] Artifact Instance of 'IosUsbArtifacts' is not required, skipping update.
[        ] Artifact Instance of 'IosUsbArtifacts' is not required, skipping update.
[        ] Artifact Instance of 'IosUsbArtifacts' is not required, skipping update.
[        ] Artifact Instance of 'IosUsbArtifacts' is not required, skipping update.
[        ] Artifact Instance of 'IosUsbArtifacts' is not required, skipping update.
[        ] Artifact Instance of 'IosUsbArtifacts' is not required, skipping update.
[        ] Artifact Instance of 'FontSubsetArtifacts' is not required, skipping update.
[        ] Artifact Instance of 'PubDependencies' is not required, skipping update.
[  +16 ms] Skipping pub get: version match.
[ +116 ms] Found plugin shared_preferences at C:\Users\Muzzi Sahito\AppData\Local\Pub\Cache\hosted\pub.dev\shared_preferences-2.5.4\
[   +8 ms] Found plugin shared_preferences_windows at C:\Users\Muzzi Sahito\AppData\Local\Pub\Cache\hosted\pub.dev\shared_preferences_windows-2.4.1\
[  +11 ms] Found plugin path_provider_windows at C:\Users\Muzzi Sahito\AppData\Local\Pub\Cache\hosted\pub.dev\path_provider_windows-2.3.0\
[  +14 ms] Found plugin shared_preferences_web at C:\Users\Muzzi Sahito\AppData\Local\Pub\Cache\hosted\pub.dev\shared_preferences_web-2.4.3\
[   +5 ms] Found plugin shared_preferences_linux at C:\Users\Muzzi Sahito\AppData\Local\Pub\Cache\hosted\pub.dev\shared_preferences_linux-2.4.1\
[   +3 ms] Found plugin path_provider_linux at C:\Users\Muzzi Sahito\AppData\Local\Pub\Cache\hosted\pub.dev\path_provider_linux-2.2.1\
[   +7 ms] Found plugin shared_preferences_foundation at C:\Users\Muzzi Sahito\AppData\Local\Pub\Cache\hosted\pub.dev\shared_preferences_foundation-2.5.6\
[   +5 ms] Found plugin shared_preferences_android at C:\Users\Muzzi Sahito\AppData\Local\Pub\Cache\hosted\pub.dev\shared_preferences_android-2.4.20\
[  +11 ms] Found plugin printing at C:\Users\Muzzi Sahito\AppData\Local\Pub\Cache\hosted\pub.dev\printing-5.14.2\
[  +38 ms] Found plugin mobile_scanner at C:\Users\Muzzi Sahito\AppData\Local\Pub\Cache\hosted\pub.dev\mobile_scanner-7.2.0\
[   +9 ms] Found plugin path_provider at C:\Users\Muzzi Sahito\AppData\Local\Pub\Cache\hosted\pub.dev\path_provider-2.1.5\
[   +3 ms] Found plugin path_provider_foundation at C:\Users\Muzzi Sahito\AppData\Local\Pub\Cache\hosted\pub.dev\path_provider_foundation-2.6.0\
[  +25 ms] Found plugin path_provider_android at C:\Users\Muzzi Sahito\AppData\Local\Pub\Cache\hosted\pub.dev\path_provider_android-2.2.22\
[  +12 ms] Found plugin firebase_core at C:\Users\Muzzi Sahito\AppData\Local\Pub\Cache\hosted\pub.dev\firebase_core-3.15.2\
[   +2 ms] Found plugin firebase_core_web at C:\Users\Muzzi Sahito\AppData\Local\Pub\Cache\hosted\pub.dev\firebase_core_web-2.24.1\
[   +4 ms] Found plugin firebase_auth at C:\Users\Muzzi Sahito\AppData\Local\Pub\Cache\hosted\pub.dev\firebase_auth-5.7.0\
[   +2 ms] Found plugin firebase_auth_web at C:\Users\Muzzi Sahito\AppData\Local\Pub\Cache\hosted\pub.dev\firebase_auth_web-5.15.3\
[   +9 ms] Found plugin connectivity_plus at C:\Users\Muzzi Sahito\AppData\Local\Pub\Cache\hosted\pub.dev\connectivity_plus-6.1.5\
[  +10 ms] Found plugin cloud_firestore at C:\Users\Muzzi Sahito\AppData\Local\Pub\Cache\hosted\pub.dev\cloud_firestore-5.6.12\
[   +4 ms] Found plugin cloud_firestore_web at C:\Users\Muzzi Sahito\AppData\Local\Pub\Cache\hosted\pub.dev\cloud_firestore_web-4.4.12\
[  +95 ms] Found plugin shared_preferences at C:\Users\Muzzi Sahito\AppData\Local\Pub\Cache\hosted\pub.dev\shared_preferences-2.5.4\
[   +2 ms] Found plugin shared_preferences_windows at C:\Users\Muzzi Sahito\AppData\Local\Pub\Cache\hosted\pub.dev\shared_preferences_windows-2.4.1\
[   +4 ms] Found plugin path_provider_windows at C:\Users\Muzzi Sahito\AppData\Local\Pub\Cache\hosted\pub.dev\path_provider_windows-2.3.0\
[  +13 ms] Found plugin shared_preferences_web at C:\Users\Muzzi Sahito\AppData\Local\Pub\Cache\hosted\pub.dev\shared_preferences_web-2.4.3\
[   +3 ms] Found plugin shared_preferences_linux at C:\Users\Muzzi Sahito\AppData\Local\Pub\Cache\hosted\pub.dev\shared_preferences_linux-2.4.1\
[   +3 ms] Found plugin path_provider_linux at C:\Users\Muzzi Sahito\AppData\Local\Pub\Cache\hosted\pub.dev\path_provider_linux-2.2.1\
[   +3 ms] Found plugin shared_preferences_foundation at C:\Users\Muzzi Sahito\AppData\Local\Pub\Cache\hosted\pub.dev\shared_preferences_foundation-2.5.6\
[   +2 ms] Found plugin shared_preferences_android at C:\Users\Muzzi Sahito\AppData\Local\Pub\Cache\hosted\pub.dev\shared_preferences_android-2.4.20\
[   +5 ms] Found plugin printing at C:\Users\Muzzi Sahito\AppData\Local\Pub\Cache\hosted\pub.dev\printing-5.14.2\
[  +30 ms] Found plugin mobile_scanner at C:\Users\Muzzi Sahito\AppData\Local\Pub\Cache\hosted\pub.dev\mobile_scanner-7.2.0\
[   +4 ms] Found plugin path_provider at C:\Users\Muzzi Sahito\AppData\Local\Pub\Cache\hosted\pub.dev\path_provider-2.1.5\
[   +2 ms] Found plugin path_provider_foundation at C:\Users\Muzzi Sahito\AppData\Local\Pub\Cache\hosted\pub.dev\path_provider_foundation-2.6.0\
[  +12 ms] Found plugin path_provider_android at C:\Users\Muzzi Sahito\AppData\Local\Pub\Cache\hosted\pub.dev\path_provider_android-2.2.22\
[   +7 ms] Found plugin firebase_core at C:\Users\Muzzi Sahito\AppData\Local\Pub\Cache\hosted\pub.dev\firebase_core-3.15.2\
[   +1 ms] Found plugin firebase_core_web at C:\Users\Muzzi Sahito\AppData\Local\Pub\Cache\hosted\pub.dev\firebase_core_web-2.24.1\
[   +5 ms] Found plugin firebase_auth at C:\Users\Muzzi Sahito\AppData\Local\Pub\Cache\hosted\pub.dev\firebase_auth-5.7.0\
[   +2 ms] Found plugin firebase_auth_web at C:\Users\Muzzi Sahito\AppData\Local\Pub\Cache\hosted\pub.dev\firebase_auth_web-5.15.3\
[   +9 ms] Found plugin connectivity_plus at C:\Users\Muzzi Sahito\AppData\Local\Pub\Cache\hosted\pub.dev\connectivity_plus-6.1.5\
[   +8 ms] Found plugin cloud_firestore at C:\Users\Muzzi Sahito\AppData\Local\Pub\Cache\hosted\pub.dev\cloud_firestore-5.6.12\
[   +5 ms] Found plugin cloud_firestore_web at C:\Users\Muzzi Sahito\AppData\Local\Pub\Cache\hosted\pub.dev\cloud_firestore_web-4.4.12\
[  +32 ms] Skipping generating web_plugin_registrant.dart because it is up-to-date.
[ +100 ms] Found plugin shared_preferences at C:\Users\Muzzi Sahito\AppData\Local\Pub\Cache\hosted\pub.dev\shared_preferences-2.5.4\
[   +1 ms] Found plugin shared_preferences_windows at C:\Users\Muzzi Sahito\AppData\Local\Pub\Cache\hosted\pub.dev\shared_preferences_windows-2.4.1\
[   +4 ms] Found plugin path_provider_windows at C:\Users\Muzzi Sahito\AppData\Local\Pub\Cache\hosted\pub.dev\path_provider_windows-2.3.0\
[   +5 ms] Found plugin shared_preferences_web at C:\Users\Muzzi Sahito\AppData\Local\Pub\Cache\hosted\pub.dev\shared_preferences_web-2.4.3\
[   +5 ms] Found plugin shared_preferences_linux at C:\Users\Muzzi Sahito\AppData\Local\Pub\Cache\hosted\pub.dev\shared_preferences_linux-2.4.1\
[   +2 ms] Found plugin path_provider_linux at C:\Users\Muzzi Sahito\AppData\Local\Pub\Cache\hosted\pub.dev\path_provider_linux-2.2.1\
[   +4 ms] Found plugin shared_preferences_foundation at C:\Users\Muzzi Sahito\AppData\Local\Pub\Cache\hosted\pub.dev\shared_preferences_foundation-2.5.6\
[   +2 ms] Found plugin shared_preferences_android at C:\Users\Muzzi Sahito\AppData\Local\Pub\Cache\hosted\pub.dev\shared_preferences_android-2.4.20\
[   +6 ms] Found plugin printing at C:\Users\Muzzi Sahito\AppData\Local\Pub\Cache\hosted\pub.dev\printing-5.14.2\
[  +23 ms] Found plugin mobile_scanner at C:\Users\Muzzi Sahito\AppData\Local\Pub\Cache\hosted\pub.dev\mobile_scanner-7.2.0\
[   +6 ms] Found plugin path_provider at C:\Users\Muzzi Sahito\AppData\Local\Pub\Cache\hosted\pub.dev\path_provider-2.1.5\
[   +3 ms] Found plugin path_provider_foundation at C:\Users\Muzzi Sahito\AppData\Local\Pub\Cache\hosted\pub.dev\path_provider_foundation-2.6.0\
[  +20 ms] Found plugin path_provider_android at C:\Users\Muzzi Sahito\AppData\Local\Pub\Cache\hosted\pub.dev\path_provider_android-2.2.22\
[   +7 ms] Found plugin firebase_core at C:\Users\Muzzi Sahito\AppData\Local\Pub\Cache\hosted\pub.dev\firebase_core-3.15.2\
[   +3 ms] Found plugin firebase_core_web at C:\Users\Muzzi Sahito\AppData\Local\Pub\Cache\hosted\pub.dev\firebase_core_web-2.24.1\
[   +3 ms] Found plugin firebase_auth at C:\Users\Muzzi Sahito\AppData\Local\Pub\Cache\hosted\pub.dev\firebase_auth-5.7.0\
[   +2 ms] Found plugin firebase_auth_web at C:\Users\Muzzi Sahito\AppData\Local\Pub\Cache\hosted\pub.dev\firebase_auth_web-5.15.3\
[   +7 ms] Found plugin connectivity_plus at C:\Users\Muzzi Sahito\AppData\Local\Pub\Cache\hosted\pub.dev\connectivity_plus-6.1.5\
[   +6 ms] Found plugin cloud_firestore at C:\Users\Muzzi Sahito\AppData\Local\Pub\Cache\hosted\pub.dev\cloud_firestore-5.6.12\
[   +1 ms] Found plugin cloud_firestore_web at C:\Users\Muzzi Sahito\AppData\Local\Pub\Cache\hosted\pub.dev\cloud_firestore_web-4.4.12\
[  +13 ms] Generating C:\development\mobile_shop_management_system\android\app\src\main\java\io\flutter\plugins\GeneratedPluginRegistrant.java
[   +2 ms] Skipping generating GeneratedPluginRegistrant.java because it is up-to-date.
[   +8 ms] Skipping generating generated_plugin_registrant.h because it is up-to-date.
[   +1 ms] Skipping generating generated_plugin_registrant.cc because it is up-to-date.
[   +3 ms] Skipping generating generated_plugins.cmake because it is up-to-date.
[   +3 ms] Skipping generating generated_plugin_registrant.h because it is up-to-date.
[   +1 ms] Skipping generating generated_plugin_registrant.cc because it is up-to-date.
[   +3 ms] Skipping generating generated_plugins.cmake because it is up-to-date.
[   +6 ms] Skipping generating GeneratedPluginRegistrant.h because it is up-to-date.
[   +3 ms] Skipping generating GeneratedPluginRegistrant.m because it is up-to-date.
[   +1 ms] Skipping generating GeneratedPluginRegistrant.swift because it is up-to-date.
[ +227 ms] executing: C:\Program Files (x86)\Microsoft Visual Studio\Installer\vswhere.exe -format json -products * -utf8 -latest -version 16 -requires Microsoft.VisualStudio.Workload.NativeDesktop Microsoft.VisualStudio.Component.VC.Tools.x86.x64 Microsoft.VisualStudio.Component.VC.CMake.Project
[  +94 ms] Exit code 0 from: C:\Program Files (x86)\Microsoft Visual Studio\Installer\vswhere.exe -format json -products * -utf8 -latest -version 16 -requires Microsoft.VisualStudio.Workload.NativeDesktop Microsoft.VisualStudio.Component.VC.Tools.x86.x64 Microsoft.VisualStudio.Component.VC.CMake.Project
[        ] [
             {
               "instanceId": "e66d9828",
               "installDate": "2026-02-17T15:05:35Z",
               "installationName": "VisualStudio/18.3.1+11512.155",
               "installationPath": "C:\\Program Files\\Microsoft Visual Studio\\18\\Community",
               "installationVersion": "18.3.11512.155",
               "productId": "Microsoft.VisualStudio.Product.Community",
               "productPath": "C:\\Program Files\\Microsoft Visual Studio\\18\\Community\\Common7\\IDE\\devenv.exe",
               "state": 4294967295,
               "isComplete": true,
               "isLaunchable": true,
               "isPrerelease": false,
               "isRebootRequired": false,
               "displayName": "Visual Studio Community 2026",
               "description": "Everything you need to build modern apps â€“ free for you, built for impact.",
               "channelId": "VisualStudio.18.Release",
               "channelUri": "https://aka.ms/vs/18/stable/channel",
               "enginePath": "C:\\Program Files (x86)\\Microsoft Visual Studio\\Installer\\resources\\app\\ServiceHub\\Services\\Microsoft.VisualStudio.Setup.Service",
               "expirationDate": "2026-05-13T17:00:00+00:00",
               "installedChannelId": "VisualStudio.18.Release",
               "installedChannelUri": "https://aka.ms/vs/18/stable/channel",
               "releaseNotes": "https://docs.microsoft.com/en-us/visualstudio/releases/18/release-notes-v18.3#18.3.1",
               "resolvedInstallationPath": "C:\\Program Files\\Microsoft Visual Studio\\18\\Community",
               "retirementDate": "2026-08-11T17:00:00+00:00",
               "thirdPartyNotices": "https://go.microsoft.com/fwlink/?LinkId=661480",
               "updateDate": "2026-02-18T21:13:09.2698174Z",
               "catalog": {
                 "buildBranch": "d18.3",
                 "buildVersion": "18.3.11512.155",
                 "featureReleaseMonth": "02",
                 "featureReleaseYear": "2026",
                 "id": "VisualStudio/18.3.1+11512.155",
                 "includeBuildVersionInDisplayVersion": "False",
                 "localBuild": "build-lab",
                 "manifestName": "VisualStudio",
                 "manifestType": "installer",
                 "productDisplayVersion": "18.3.1",
                 "productLine": "Dev18",
                 "productLineVersion": "18",
                 "productMilestone": "RTW",
                 "productMilestoneIsPreRelease": "False",
                 "productName": "Visual Studio",
                 "productPatchVersion": "1",
                 "productPreReleaseMilestoneSuffix": "1.0",
                 "productRelease": "RTW",
                 "productSemanticVersion": "18.3.1+11512.155",
                 "requiredEngineVersion": "4.3.2029.11392"
               },
               "properties": {
                 "appLocalWPF": "false",
                 "campaignId": "2500:90887089d8174fd499fa9abdae18d6f7",
                 "canceled": "0",
                 "channelManifestId": "VisualStudio.18.Release/18.3.1+11512.155",
                 "includeRecommended": "1",
                 "nickname": "",
                 "setupEngineFilePath": "C:\\Program Files (x86)\\Microsoft Visual Studio\\Installer\\setup.exe"
               }
             }
           ]
[  +10 ms] Building Windows application...
[  +12 ms] executing: C:\Program Files\Microsoft Visual Studio\18\Community\Common7\IDE\CommonExtensions\Microsoft\CMake\CMake\bin\cmake.exe -S C:\development\mobile_shop_management_system\windows -B C:\development\mobile_shop_management_system\build\windows\x64 -G Visual Studio 18 2026 -A x64 -DFLUTTER_TARGET_PLATFORM=windows-x64
[ +122 ms] -- Using cached Firebase SDK zip file
[        ] -- Using cached extracted Firebase SDK
[  +38 ms] -- Could NOT find PkgConfig (missing: PKG_CONFIG_EXECUTABLE) 
[        ] -- DEBUG: FIREBASE_CPP_SDK_DIR=C:/development/mobile_shop_management_system/build/windows/x64/extracted/firebase_cpp_sdk_windows
[        ] -- DEBUG: MSVC_VS_VERSION=VS2019
[        ] -- DEBUG: MSVC_RUNTIME_MODE=MD
[        ] -- DEBUG: MSVC_CPU=x64
[        ] -- DEBUG: MSVC_CONFIG=Debug
[  +12 ms] -- Downloading/updating pdfium
[+1698 ms] -- Configuring done (1.6s)
[ +353 ms] -- Generating done (0.3s)
[  +13 ms] -- Build files have been written to: C:/development/mobile_shop_management_system/build/windows/x64/pdfium-download
[ +444 ms] MSBuild version 18.3.0-release-26070-10+3972042b7 for .NET Framework
[+1302 ms] -- Configuring done (3.9s)
[+2045 ms] -- Generating done (2.0s)
[  +40 ms] -- Build files have been written to: C:/development/mobile_shop_management_system/build/windows/x64
[  +48 ms] executing: C:\Program Files\Microsoft Visual Studio\18\Community\Common7\IDE\CommonExtensions\Microsoft\CMake\CMake\bin\cmake.exe --build C:\development\mobile_shop_management_system\build\windows\x64 --config Release --target INSTALL --verbose
[ +197 ms] Change Dir: 'C:/development/mobile_shop_management_system/build/windows/x64'
[        ] Run Build Command(s): "C:/Program Files/Microsoft Visual Studio/18/Community/MSBuild/Current/Bin/amd64/MSBuild.exe" INSTALL.vcxproj /p:Configuration=Release /p:Platform=x64 /p:VisualStudioVersion=18.0 /v:n
[ +185 ms] MSBuild version 18.3.0-release-26070-10+3972042b7 for .NET Framework
[ +192 ms] Build started 19/02/2026 5:30:20 pm.
[ +326 ms] Project "C:\development\mobile_shop_management_system\build\windows\x64\INSTALL.vcxproj" on node 1 (default targets).
[        ] Project "C:\development\mobile_shop_management_system\build\windows\x64\INSTALL.vcxproj" (1) is building "C:\development\mobile_shop_management_system\build\windows\x64\ZERO_CHECK.vcxproj" (2) on node 1 (default targets).
[        ] PrepareForBuild:
[        ]   Structured output is enabled. The formatting of compiler diagnostics will reflect the error hierarchy. See https://aka.ms/cpp/structured-output for more details.
[  +14 ms] InitializeBuildStatus:
[   +1 ms]   Creating "x64\Release\ZERO_CHECK\ZERO_CHECK.tlog\unsuccessfulbuild" because "AlwaysCreate" was specified.
[        ]   Touching "x64\Release\ZERO_CHECK\ZERO_CHECK.tlog\unsuccessfulbuild".
[  +28 ms] CustomBuild:
[        ]   All outputs are up-to-date.
[  +44 ms] FinalizeBuildStatus:
[        ]   Deleting file "x64\Release\ZERO_CHECK\ZERO_CHECK.tlog\unsuccessfulbuild".
[        ]   Touching "x64\Release\ZERO_CHECK\ZERO_CHECK.tlog\ZERO_CHECK.lastbuildstate".
[   +2 ms] Done Building Project "C:\development\mobile_shop_management_system\build\windows\x64\ZERO_CHECK.vcxproj" (default targets).
[ +176 ms] Project "C:\development\mobile_shop_management_system\build\windows\x64\INSTALL.vcxproj" (1) is building "C:\development\mobile_shop_management_system\build\windows\x64\ALL_BUILD.vcxproj" (3) on node 1 (default targets).
[        ] Project "C:\development\mobile_shop_management_system\build\windows\x64\ALL_BUILD.vcxproj" (3) is building "C:\development\mobile_shop_management_system\build\windows\x64\plugins\cloud_firestore\cloud_firestore_plugin.vcxproj" (4) on node 1 (default targets).
[        ] Project "C:\development\mobile_shop_management_system\build\windows\x64\plugins\cloud_firestore\cloud_firestore_plugin.vcxproj" (4) is building "C:\development\mobile_shop_management_system\build\windows\x64\flutter\flutter_assemble.vcxproj" (5) on node 1 (default targets).
[        ] PrepareForBuild:
[        ]   Structured output is enabled. The formatting of compiler diagnostics will reflect the error hierarchy. See https://aka.ms/cpp/structured-output for more details.
[   +6 ms] InitializeBuildStatus:
[        ]   Creating "x64\Release\flutter_assemble\flutter_assemble.tlog\unsuccessfulbuild" because "AlwaysCreate" was specified.
[        ]   Touching "x64\Release\flutter_assemble\flutter_assemble.tlog\unsuccessfulbuild".
[   +9 ms] CustomBuild:
[        ]   "The build of 'C:\development\mobile_shop_management_system\build\windows\x64\CMakeFiles\047b41e9686b76eb458d4206fdaa8d8d\flutter_assemble.rule' depends on 'C:\DEVELOPMENT\MOBILE_SHOP_MANAGEMENT_SYSTEM\WINDOWS\FLUTTER\EPHEMERAL\FLUTTER_WINDOWS.DLL' which is produced by the build of 'C:\development\mobile_shop_management_system\build\windows\x64\CMakeFiles\cc77e84c5192889299c20fb6e26c22d1\flutter_windows.dll.rule'. The items cannot be built in parallel."
[ +144 ms]   Generating C:/development/mobile_shop_management_system/windows/flutter/ephemeral/flutter_windows.dll, C:/development/mobile_shop_management_system/windows/flutter/ephemeral/flutter_export.h, C:/development/mobile_shop_management_system/windows/flutter/ephemeral/flutter_windows.h, C:/development/mobile_shop_management_system/windows/flutter/ephemeral/flutter_messenger.h, C:/development/mobile_shop_management_system/windows/flutter/ephemeral/flutter_plugin_registrar.h, C:/development/mobile_shop_management_system/windows/flutter/ephemeral/flutter_texture_registrar.h, C:/development/mobile_shop_management_system/windows/flutter/ephemeral/cpp_client_wrapper/core_implementations.cc, C:/development/mobile_shop_management_system/windows/flutter/ephemeral/cpp_client_wrapper/standard_codec.cc, C:/development/mobile_shop_management_system/windows/flutter/ephemeral/cpp_client_wrapper/plugin_registrar.cc, C:/development/mobile_shop_management_system/windows/flutter/ephemeral/cpp_client_wrapper/flutter_engine.cc, C:/development/mobile_shop_management_system/windows/flutter/ephemeral/cpp_client_wrapper/flutter_view_controller.cc, _phony_
[+3811 ms]   [ +468 ms] Artifact Instance of 'MaterialFonts' is not required, skipping update.
[        ]   [   +6 ms] Artifact Instance of 'GradleWrapper' is not required, skipping update.
[        ]   [        ] Artifact Instance of 'AndroidGenSnapshotArtifacts' is not required, skipping update.
[        ]   [        ] Artifact Instance of 'AndroidInternalBuildArtifacts' is not required, skipping update.
[        ]   [        ] Artifact Instance of 'IOSEngineArtifacts' is not required, skipping update.
[        ]   [        ] Artifact Instance of 'FlutterWebSdk' is not required, skipping update.
[        ]   [   +2 ms] Artifact Instance of 'LegacyCanvasKitRemover' is not required, skipping update.
[        ]   [   +4 ms] Artifact Instance of 'FlutterSdk' is not required, skipping update.
[        ]   [        ] Artifact Instance of 'WindowsEngineArtifacts' is not required, skipping update.
[        ]   [        ] Artifact Instance of 'MacOSEngineArtifacts' is not required, skipping update.
[        ]   [        ] Artifact Instance of 'LinuxEngineArtifacts' is not required, skipping update.
[        ]   [        ] Artifact Instance of 'LinuxFuchsiaSDKArtifacts' is not required, skipping update.
[        ]   [        ] Artifact Instance of 'MacOSFuchsiaSDKArtifacts' is not required, skipping update.
[        ]   [        ] Artifact Instance of 'FlutterRunnerSDKArtifacts' is not required, skipping update.
[        ]   [        ] Artifact Instance of 'FlutterRunnerDebugSymbols' is not required, skipping update.
[        ]   [        ] Artifact Instance of 'IosUsbArtifacts' is not required, skipping update.
[        ]   [        ] Artifact Instance of 'IosUsbArtifacts' is not required, skipping update.
[        ]   [        ] Artifact Instance of 'IosUsbArtifacts' is not required, skipping update.
[        ]   [        ] Artifact Instance of 'IosUsbArtifacts' is not required, skipping update.
[        ]   [  +14 ms] Artifact Instance of 'IosUsbArtifacts' is not required, skipping update.
[        ]   [        ] Artifact Instance of 'IosUsbArtifacts' is not required, skipping update.
[        ]   [        ] Artifact Instance of 'FontSubsetArtifacts' is not required, skipping update.
[        ]   [        ] Artifact Instance of 'PubDependencies' is not required, skipping update.
[  +31 ms]   [  +33 ms] Artifact Instance of 'AndroidGenSnapshotArtifacts' is not required, skipping update.
[   +1 ms]   [        ] Artifact Instance of 'AndroidInternalBuildArtifacts' is not required, skipping update.
[        ]   [        ] Artifact Instance of 'IOSEngineArtifacts' is not required, skipping update.
[        ]   [        ] Artifact Instance of 'FlutterWebSdk' is not required, skipping update.
[        ]   [        ] Artifact Instance of 'FlutterEngineStamp' is not required, skipping update.
[        ]   [        ] Artifact Instance of 'LegacyCanvasKitRemover' is not required, skipping update.
[   +3 ms]   [   +5 ms] Artifact Instance of 'WindowsEngineArtifacts' is not required, skipping update.
[        ]   [        ] Artifact Instance of 'MacOSEngineArtifacts' is not required, skipping update.
[        ]   [        ] Artifact Instance of 'LinuxEngineArtifacts' is not required, skipping update.
[        ]   [        ] Artifact Instance of 'LinuxFuchsiaSDKArtifacts' is not required, skipping update.
[        ]   [        ] Artifact Instance of 'MacOSFuchsiaSDKArtifacts' is not required, skipping update.
[        ]   [        ] Artifact Instance of 'FlutterRunnerSDKArtifacts' is not required, skipping update.
[        ]   [        ] Artifact Instance of 'FlutterRunnerDebugSymbols' is not required, skipping update.
[ +182 ms]   [ +181 ms] Artifact Instance of 'MaterialFonts' is not required, skipping update.
[        ]   [        ] Artifact Instance of 'GradleWrapper' is not required, skipping update.
[        ]   [        ] Artifact Instance of 'AndroidGenSnapshotArtifacts' is not required, skipping update.
[        ]   [        ] Artifact Instance of 'AndroidInternalBuildArtifacts' is not required, skipping update.
[        ]   [        ] Artifact Instance of 'IOSEngineArtifacts' is not required, skipping update.
[        ]   [        ] Artifact Instance of 'FlutterWebSdk' is not required, skipping update.
[        ]   [        ] Artifact Instance of 'FlutterEngineStamp' is not required, skipping update.
[        ]   [        ] Artifact Instance of 'LegacyCanvasKitRemover' is not required, skipping update.
[        ]   [        ] Artifact Instance of 'FlutterSdk' is not required, skipping update.
[   +3 ms]   [   +4 ms] Artifact Instance of 'MacOSEngineArtifacts' is not required, skipping update.
[        ]   [        ] Artifact Instance of 'LinuxEngineArtifacts' is not required, skipping update.
[        ]   [        ] Artifact Instance of 'LinuxFuchsiaSDKArtifacts' is not required, skipping update.
[        ]   [        ] Artifact Instance of 'MacOSFuchsiaSDKArtifacts' is not required, skipping update.
[        ]   [        ] Artifact Instance of 'FlutterRunnerSDKArtifacts' is not required, skipping update.
[        ]   [        ] Artifact Instance of 'FlutterRunnerDebugSymbols' is not required, skipping update.
[        ]   [        ] Artifact Instance of 'IosUsbArtifacts' is not required, skipping update.
[        ]   [        ] Artifact Instance of 'IosUsbArtifacts' is not required, skipping update.
[        ]   [        ] Artifact Instance of 'IosUsbArtifacts' is not required, skipping update.
[        ]   [        ] Artifact Instance of 'IosUsbArtifacts' is not required, skipping update.
[        ]   [        ] Artifact Instance of 'IosUsbArtifacts' is not required, skipping update.
[        ]   [        ] Artifact Instance of 'IosUsbArtifacts' is not required, skipping update.
[        ]   [        ] Artifact Instance of 'FontSubsetArtifacts' is not required, skipping update.
[        ]   [        ] Artifact Instance of 'PubDependencies' is not required, skipping update.
[ +126 ms]   [ +126 ms] Initializing file store
[  +63 ms]   [  +62 ms] Done initializing file store
[ +208 ms]   [ +209 ms] Skipping target: dart_build
[   +3 ms]   [   +3 ms] Skipping target: gen_dart_plugin_registrant
[+4532 ms]   [+4530 ms] Skipping target: install_code_assets
[        ]   [        ] Skipping target: gen_localizations
[   +6 ms]   [   +8 ms] unpack_windows: Starting due to {InvalidatedReasonKind.inputChanged: The following inputs have updated contents: C:\development\mobile_shop_management_system\windows\flutter\ephemeral\flutter_windows.dll,C:\development\mobile_shop_management_system\windows\flutter\ephemeral\flutter_windows.dll.exp,C:\development\mobile_shop_management_system\windows\flutter\ephemeral\flutter_windows.dll.pdb}
[+2024 ms]   [+2024 ms] Skipping target: kernel_snapshot_program
[   +6 ms]   [   +7 ms] unpack_windows: Complete
[+2424 ms]   [+2424 ms] Skipping target: aot_elf_release
[  +41 ms]   [  +42 ms] Skipping target: windows_aot_bundle
[  +95 ms]   [  +95 ms] Skipping target: release_bundle_windows-x64_assets
[   +1 ms]   [   +1 ms] Persisting file store
[  +25 ms]   [  +25 ms] Done persisting file store
[  +32 ms]   [  +32 ms] build succeeded.
[  +11 ms]   [  +11 ms] "flutter assemble" took 9,823ms.
[ +145 ms]   [ +144 ms] Running 1 shutdown hook
[   +1 ms]   [   +2 ms] Shutdown hooks complete
[ +264 ms]   [ +264 ms] exiting with code 0
[ +152 ms] FinalizeBuildStatus:
[        ]   Deleting file "x64\Release\flutter_assemble\flutter_assemble.tlog\unsuccessfulbuild".
[        ]   Touching "x64\Release\flutter_assemble\flutter_assemble.tlog\flutter_assemble.lastbuildstate".
[        ] Done Building Project "C:\development\mobile_shop_management_system\build\windows\x64\flutter\flutter_assemble.vcxproj" (default targets).
[ +110 ms] Project "C:\development\mobile_shop_management_system\build\windows\x64\plugins\cloud_firestore\cloud_firestore_plugin.vcxproj" (4) is building "C:\development\mobile_shop_management_system\build\windows\x64\plugins\firebase_core\firebase_core_plugin.vcxproj" (6) on node 1 (default targets).
[   +1 ms] Project "C:\development\mobile_shop_management_system\build\windows\x64\plugins\firebase_core\firebase_core_plugin.vcxproj" (6) is building "C:\development\mobile_shop_management_system\build\windows\x64\flutter\flutter_wrapper_plugin.vcxproj" (7) on node 1 (default targets).
[        ] PrepareForBuild:
[        ]   Structured output is enabled. The formatting of compiler diagnostics will reflect the error hierarchy. See https://aka.ms/cpp/structured-output for more details.
[   +5 ms] InitializeBuildStatus:
[        ]   Creating "flutter_wrapper_plugin.dir\Release\flutter_.FD2D6BA4.tlog\unsuccessfulbuild" because "AlwaysCreate" was specified.
[        ]   Touching "flutter_wrapper_plugin.dir\Release\flutter_.FD2D6BA4.tlog\unsuccessfulbuild".
[  +20 ms] CustomBuild:
[        ]   All outputs are up-to-date.
[  +94 ms] ClCompile:
[        ]   All outputs are up-to-date.
[  +41 ms] Lib:
[        ]   All outputs are up-to-date.
[   +3 ms]   flutter_wrapper_plugin.vcxproj -> C:\development\mobile_shop_management_system\build\windows\x64\flutter\Release\flutter_wrapper_plugin.lib
[  +25 ms] FinalizeBuildStatus:
[        ]   Deleting file "flutter_wrapper_plugin.dir\Release\flutter_.FD2D6BA4.tlog\unsuccessfulbuild".
[        ]   Touching "flutter_wrapper_plugin.dir\Release\flutter_.FD2D6BA4.tlog\flutter_wrapper_plugin.lastbuildstate".
[        ] Done Building Project "C:\development\mobile_shop_management_system\build\windows\x64\flutter\flutter_wrapper_plugin.vcxproj" (default targets).
[  +11 ms] PrepareForBuild:
[        ]   Structured output is enabled. The formatting of compiler diagnostics will reflect the error hierarchy. See https://aka.ms/cpp/structured-output for more details.
[   +9 ms] InitializeBuildStatus:
[        ]   Creating "firebase_core_plugin.dir\Release\firebase.A0821A39.tlog\unsuccessfulbuild" because "AlwaysCreate" was specified.
[        ]   Touching "firebase_core_plugin.dir\Release\firebase.A0821A39.tlog\unsuccessfulbuild".
[   +8 ms] CustomBuild:
[        ]   All outputs are up-to-date.
[  +19 ms] ClCompile:
[        ]   All outputs are up-to-date.
[   +8 ms] Lib:
[        ]   All outputs are up-to-date.
[   +1 ms]   firebase_core_plugin.vcxproj -> C:\development\mobile_shop_management_system\build\windows\x64\plugins\firebase_core\Release\firebase_core_plugin.lib
[  +20 ms] FinalizeBuildStatus:
[        ]   Deleting file "firebase_core_plugin.dir\Release\firebase.A0821A39.tlog\unsuccessfulbuild".
[        ]   Touching "firebase_core_plugin.dir\Release\firebase.A0821A39.tlog\firebase_core_plugin.lastbuildstate".
[        ] Done Building Project "C:\development\mobile_shop_management_system\build\windows\x64\plugins\firebase_core\firebase_core_plugin.vcxproj" (default targets).
[  +15 ms] PrepareForBuild:
[        ]   Structured output is enabled. The formatting of compiler diagnostics will reflect the error hierarchy. See https://aka.ms/cpp/structured-output for more details.
[   +8 ms] InitializeBuildStatus:
[        ]   Creating "cloud_firestore_plugin.dir\Release\cloud_fi.53B077A8.tlog\unsuccessfulbuild" because "AlwaysCreate" was specified.
[        ]   Touching "cloud_firestore_plugin.dir\Release\cloud_fi.53B077A8.tlog\unsuccessfulbuild".
[   +3 ms] CustomBuild:
[        ]   All outputs are up-to-date.
[  +29 ms] ClCompile:
[        ]   All outputs are up-to-date.
[  +10 ms] Lib:
[        ]   All outputs are up-to-date.
[   +1 ms]   cloud_firestore_plugin.vcxproj -> C:\development\mobile_shop_management_system\build\windows\x64\plugins\cloud_firestore\Release\cloud_firestore_plugin.lib
[  +29 ms] FinalizeBuildStatus:
[        ]   Deleting file "cloud_firestore_plugin.dir\Release\cloud_fi.53B077A8.tlog\unsuccessfulbuild".
[        ]   Touching "cloud_firestore_plugin.dir\Release\cloud_fi.53B077A8.tlog\cloud_firestore_plugin.lastbuildstate".
[        ] Done Building Project "C:\development\mobile_shop_management_system\build\windows\x64\plugins\cloud_firestore\cloud_firestore_plugin.vcxproj" (default targets).
[  +50 ms] Project "C:\development\mobile_shop_management_system\build\windows\x64\ALL_BUILD.vcxproj" (3) is building "C:\development\mobile_shop_management_system\build\windows\x64\plugins\connectivity_plus\connectivity_plus_plugin.vcxproj" (8) on node 1 (default targets).
[        ] PrepareForBuild:
[        ]   Structured output is enabled. The formatting of compiler diagnostics will reflect the error hierarchy. See https://aka.ms/cpp/structured-output for more details.
[   +8 ms] InitializeBuildStatus:
[        ]   Creating "connectivity_plus_plugin.dir\Release\connecti.B6A90BDA.tlog\unsuccessfulbuild" because "AlwaysCreate" was specified.
[        ]   Touching "connectivity_plus_plugin.dir\Release\connecti.B6A90BDA.tlog\unsuccessfulbuild".
[   +4 ms] CustomBuild:
[        ]   All outputs are up-to-date.
[  +39 ms] ClCompile:
[        ]   All outputs are up-to-date.
[  +42 ms] Link:
[        ]   All outputs are up-to-date.
[   +4 ms]   connectivity_plus_plugin.vcxproj -> C:\development\mobile_shop_management_system\build\windows\x64\plugins\connectivity_plus\Release\connectivity_plus_plugin.dll
[  +12 ms] FinalizeBuildStatus:
[        ]   Deleting file "connectivity_plus_plugin.dir\Release\connecti.B6A90BDA.tlog\unsuccessfulbuild".
[        ]   Touching "connectivity_plus_plugin.dir\Release\connecti.B6A90BDA.tlog\connectivity_plus_plugin.lastbuildstate".
[        ] Done Building Project "C:\development\mobile_shop_management_system\build\windows\x64\plugins\connectivity_plus\connectivity_plus_plugin.vcxproj" (default targets).
[  +75 ms] Project "C:\development\mobile_shop_management_system\build\windows\x64\ALL_BUILD.vcxproj" (3) is building "C:\development\mobile_shop_management_system\build\windows\x64\plugins\firebase_auth\firebase_auth_plugin.vcxproj" (9) on node 1 (default targets).
[        ] PrepareForBuild:
[        ]   Structured output is enabled. The formatting of compiler diagnostics will reflect the error hierarchy. See https://aka.ms/cpp/structured-output for more details.
[   +7 ms] InitializeBuildStatus:
[        ]   Creating "firebase_auth_plugin.dir\Release\firebase.F62A40C0.tlog\unsuccessfulbuild" because "AlwaysCreate" was specified.
[        ]   Touching "firebase_auth_plugin.dir\Release\firebase.F62A40C0.tlog\unsuccessfulbuild".
[   +3 ms] CustomBuild:
[        ]   All outputs are up-to-date.
[  +19 ms] ClCompile:
[        ]   All outputs are up-to-date.
[   +9 ms] Lib:
[        ]   All outputs are up-to-date.
[        ]   firebase_auth_plugin.vcxproj -> C:\development\mobile_shop_management_system\build\windows\x64\plugins\firebase_auth\Release\firebase_auth_plugin.lib
[  +13 ms] FinalizeBuildStatus:
[        ]   Deleting file "firebase_auth_plugin.dir\Release\firebase.F62A40C0.tlog\unsuccessfulbuild".
[        ]   Touching "firebase_auth_plugin.dir\Release\firebase.F62A40C0.tlog\firebase_auth_plugin.lastbuildstate".
[        ] Done Building Project "C:\development\mobile_shop_management_system\build\windows\x64\plugins\firebase_auth\firebase_auth_plugin.vcxproj" (default targets).
[  +50 ms] Project "C:\development\mobile_shop_management_system\build\windows\x64\ALL_BUILD.vcxproj" (3) is building "C:\development\mobile_shop_management_system\build\windows\x64\flutter\flutter_wrapper_app.vcxproj" (10) on node 1 (default targets).
[        ] PrepareForBuild:
[        ]   Structured output is enabled. The formatting of compiler diagnostics will reflect the error hierarchy. See https://aka.ms/cpp/structured-output for more details.
[   +7 ms] InitializeBuildStatus:
[        ]   Creating "flutter_wrapper_app.dir\Release\flutter_.5C0656C0.tlog\unsuccessfulbuild" because "AlwaysCreate" was specified.
[        ]   Touching "flutter_wrapper_app.dir\Release\flutter_.5C0656C0.tlog\unsuccessfulbuild".
[   +4 ms] CustomBuild:
[        ]   All outputs are up-to-date.
[  +32 ms] ClCompile:
[        ]   All outputs are up-to-date.
[   +8 ms] Lib:
[        ]   All outputs are up-to-date.
[        ]   flutter_wrapper_app.vcxproj -> C:\development\mobile_shop_management_system\build\windows\x64\flutter\Release\flutter_wrapper_app.lib
[  +16 ms] FinalizeBuildStatus:
[        ]   Deleting file "flutter_wrapper_app.dir\Release\flutter_.5C0656C0.tlog\unsuccessfulbuild".
[        ]   Touching "flutter_wrapper_app.dir\Release\flutter_.5C0656C0.tlog\flutter_wrapper_app.lastbuildstate".
[        ] Done Building Project "C:\development\mobile_shop_management_system\build\windows\x64\flutter\flutter_wrapper_app.vcxproj" (default targets).
[ +109 ms] Project "C:\development\mobile_shop_management_system\build\windows\x64\ALL_BUILD.vcxproj" (3) is building "C:\development\mobile_shop_management_system\build\windows\x64\runner\mobile_shop_management_system.vcxproj" (11) on node 1 (default targets).
[        ] Project "C:\development\mobile_shop_management_system\build\windows\x64\runner\mobile_shop_management_system.vcxproj" (11) is building "C:\development\mobile_shop_management_system\build\windows\x64\plugins\printing\printing_plugin.vcxproj" (12) on node 1 (default targets).
[        ] PrepareForBuild:
[        ]   Structured output is enabled. The formatting of compiler diagnostics will reflect the error hierarchy. See https://aka.ms/cpp/structured-output for more details.
[   +7 ms] InitializeBuildStatus:
[        ]   Creating "printing_plugin.dir\Release\printing_plugin.tlog\unsuccessfulbuild" because "AlwaysCreate" was specified.
[        ]   Touching "printing_plugin.dir\Release\printing_plugin.tlog\unsuccessfulbuild".
[   +4 ms] CustomBuild:
[        ]   All outputs are up-to-date.
[  +20 ms] ClCompile:
[        ]   All outputs are up-to-date.
[  +21 ms] Link:
[        ]   All outputs are up-to-date.
[   +1 ms]   printing_plugin.vcxproj -> C:\development\mobile_shop_management_system\build\windows\x64\plugins\printing\Release\printing_plugin.dll
[  +13 ms] FinalizeBuildStatus:
[        ]   Deleting file "printing_plugin.dir\Release\printing_plugin.tlog\unsuccessfulbuild".
[        ]   Touching "printing_plugin.dir\Release\printing_plugin.tlog\printing_plugin.lastbuildstate".
[   +1 ms] Done Building Project "C:\development\mobile_shop_management_system\build\windows\x64\plugins\printing\printing_plugin.vcxproj" (default targets).
[  +21 ms] PrepareForBuild:
[        ]   Structured output is enabled. The formatting of compiler diagnostics will reflect the error hierarchy. See https://aka.ms/cpp/structured-output for more details.
[   +8 ms] InitializeBuildStatus:
[        ]   Touching "mobile_shop_management_system.dir\Release\mobile_s.34EC1F6F.tlog\unsuccessfulbuild".
[   +9 ms] CustomBuild:
[        ]   All outputs are up-to-date.
[  +49 ms] ClCompile:
[        ]   All outputs are up-to-date.
[  +13 ms] ResourceCompile:
[        ]   All outputs are up-to-date.
[  +20 ms] Link:
[        ]   C:\Program Files\Microsoft Visual Studio\18\Community\VC\Tools\MSVC\14.50.35717\bin\HostX64\x64\link.exe /OUT:"C:\development\mobile_shop_management_system\build\windows\x64\runner\Release\mobile_shop_management_system.exe" /INCREMENTAL:NO /NOLOGO ..\flutter\Release\flutter_wrapper_app.lib dwmapi.lib ..\plugins\cloud_firestore\Release\cloud_firestore_plugin.lib ..\plugins\connectivity_plus\Release\connectivity_plus_plugin.lib ..\plugins\firebase_auth\Release\firebase_auth_plugin.lib ..\plugins\firebase_core\Release\firebase_core_plugin.lib ..\plugins\printing\Release\printing_plugin.lib ..\extracted\firebase_cpp_sdk_windows\libs\windows\VS2019\MD\x64\Release\firebase_firestore.lib shell32.lib Bcrypt.lib DbgHelp.lib advapi32.lib ws2_32.lib crypt32.lib rpcrt4.lib ole32.lib ..\extracted\firebase_cpp_sdk_windows\libs\windows\VS2019\MD\x64\Release\firebase_app.lib icu.lib ..\extracted\firebase_cpp_sdk_windows\libs\windows\VS2019\MD\x64\Release\firebase_auth.lib ..\flutter\Release\flutter_wrapper_plugin.lib C:\development\mobile_shop_management_system\windows\flutter\ephemeral\flutter_windows.dll.lib kernel32.lib user32.lib gdi32.lib winspool.lib shell32.lib ole32.lib oleaut32.lib uuid.lib comdlg32.lib advapi32.lib /MANIFEST /MANIFESTUAC:"level='asInvoker' uiAccess='false'" /manifest:embed /manifestinput:C:\development\mobile_shop_management_system\windows\runner\runner.exe.manifest /PDB:"C:/development/mobile_shop_management_system/build/windows/x64/runner/Release/mobile_shop_management_system.pdb" /SUBSYSTEM:WINDOWS /TLBID:1 /IMPLIB:"C:/development/mobile_shop_management_system/build/windows/x64/runner/Release/mobile_shop_management_system.lib" /MACHINE:X64  /machine:x64 mobile_shop_management_system.dir\Release\Runner.res
[        ]   mobile_shop_management_system.dir\Release\flutter_window.obj
[        ]   mobile_shop_management_system.dir\Release\main.obj
[        ]   mobile_shop_management_system.dir\Release\utils.obj
[        ]   mobile_shop_management_system.dir\Release\win32_window.obj
[        ]   mobile_shop_management_system.dir\Release\generated_plugin_registrant.obj
[+1201 ms] ..\extracted\firebase_cpp_sdk_windows\libs\windows\VS2019\MD\x64\Release\firebase_firestore.lib : fatal error LNK1127: library is corrupt [C:\development\mobile_shop_management_system\build\windows\x64\runner\mobile_shop_management_system.vcxproj]
[ +108 ms] Done Building Project "C:\development\mobile_shop_management_system\build\windows\x64\runner\mobile_shop_management_system.vcxproj" (default targets) -- FAILED.
[   +1 ms] Done Building Project "C:\development\mobile_shop_management_system\build\windows\x64\ALL_BUILD.vcxproj" (default targets) -- FAILED.
[        ] Done Building Project "C:\development\mobile_shop_management_system\build\windows\x64\INSTALL.vcxproj" (default targets) -- FAILED.
[   +2 ms] Build FAILED.
[   +2 ms] "C:\development\mobile_shop_management_system\build\windows\x64\INSTALL.vcxproj" (default target) (1) ->
[        ] "C:\development\mobile_shop_management_system\build\windows\x64\ALL_BUILD.vcxproj" (default target) (3) ->
[        ] "C:\development\mobile_shop_management_system\build\windows\x64\runner\mobile_shop_management_system.vcxproj" (default target) (11) ->
[        ] (Link target) -> 
[        ]   ..\extracted\firebase_cpp_sdk_windows\libs\windows\VS2019\MD\x64\Release\firebase_firestore.lib : fatal error LNK1127: library is corrupt [C:\development\mobile_shop_management_system\build\windows\x64\runner\mobile_shop_management_system.vcxproj]
[        ]     0 Warning(s)
[        ]     1 Error(s)
[        ] Time Elapsed 00:00:17.53
[  +61 ms] Building Windows application... (completed in 24.3s)
[   +2 ms] "flutter windows" took 25,635ms.
[ +142 ms] Build process failed.
[   +3 ms] 
           #0      throwToolExit (package:flutter_tools/src/base/common.dart:34:3)
           #1      _runBuild (package:flutter_tools/src/windows/build_windows.dart:262:5)
           <asynchronous suspension>
           #2      buildWindows (package:flutter_tools/src/windows/build_windows.dart:118:5)
           <asynchronous suspension>
           #3      BuildWindowsCommand.runCommand (package:flutter_tools/src/commands/build_windows.dart:72:5)
           <asynchronous suspension>
           #4      FlutterCommand.run.<anonymous closure> (package:flutter_tools/src/runner/flutter_command.dart:1590:27)
           <asynchronous suspension>
           #5      AppContext.run.<anonymous closure> (package:flutter_tools/src/base/context.dart:154:19)
           <asynchronous suspension>
           #6      CommandRunner.runCommand (package:args/command_runner.dart:212:13)
           <asynchronous suspension>
           #7      FlutterCommandRunner.runCommand.<anonymous closure> (package:flutter_tools/src/runner/flutter_command_runner.dart:496:9)
           <asynchronous suspension>
           #8      AppContext.run.<anonymous closure> (package:flutter_tools/src/base/context.dart:154:19)
           <asynchronous suspension>
           #9      FlutterCommandRunner.runCommand (package:flutter_tools/src/runner/flutter_command_runner.dart:431:5)
           <asynchronous suspension>
           #10     FlutterCommandRunner.run.<anonymous closure> (package:flutter_tools/src/runner/flutter_command_runner.dart:307:33)
           <asynchronous suspension>
           #11     run.<anonymous closure>.<anonymous closure> (package:flutter_tools/runner.dart:104:11)
           <asynchronous suspension>
           #12     AppContext.run.<anonymous closure> (package:flutter_tools/src/base/context.dart:154:19)
           <asynchronous suspension>
           #13     main (package:flutter_tools/executable.dart:103:3)
           <asynchronous suspension>


[        ] Running 1 shutdown hook
[   +2 ms] Shutdown hooks complete
[ +267 ms] exiting with code 1
